2025-03-01 22:25:29,866 - INFO - Starting fire prediction process...
2025-03-01 22:25:29,867 - INFO - Authenticating Google Earth Engine...
2025-03-01 22:25:36,505 - INFO - Google Earth Engine initialized.
2025-03-01 22:25:36,509 - INFO - Processing location: New York, US
2025-03-01 22:25:36,509 - INFO - Fetching satellite data for New York, US...
2025-03-01 22:25:36,510 - INFO - Fetching bounds for New York, US
2025-03-01 22:25:37,556 - INFO - Bounds obtained: (40.476578, 40.91763, -74.258843, -73.700233)
2025-03-01 22:25:37,557 - INFO - Time period - Today: 2025-02-28, PrevWeek: 2025-02-14, PrevMonth: 2025-01-14
2025-03-01 22:25:37,558 - INFO - Defined city area from bounding box.
2025-03-01 22:25:37,564 - INFO - Fetched and normalized NDVI dataset.
2025-03-01 22:25:37,566 - INFO - Fetched LST dataset.
2025-03-01 22:25:37,569 - INFO - Fetched Burned Area dataset.
2025-03-01 22:25:37,569 - INFO - Computing mean values for NDVI, LST, and Burned Area...
2025-03-01 22:25:41,902 - INFO - Computed means - NDVI: 0.1500700786795572, LST: 13785.374027643395, Burned Area: 4.078786888115593
2025-03-01 22:25:41,903 - INFO - Predicting wildfire risk...
2025-03-01 22:25:41,903 - INFO - Loading model and scaler...
2025-03-01 22:26:02,392 - INFO - Model and scaler loaded.
2025-03-01 22:26:02,642 - INFO - Prediction: no_fire, Probability: 0.995
2025-03-01 22:26:02,643 - INFO - Result for New York, US: Prediction = no_fire, Confidence = 0.995
2025-03-01 22:26:02,643 - INFO - Processing location: Los Angeles, US
2025-03-01 22:26:02,644 - INFO - Fetching satellite data for Los Angeles, US...
2025-03-01 22:26:02,644 - INFO - Fetching bounds for Los Angeles, US
2025-03-01 22:26:03,707 - INFO - Bounds obtained: (33.659541, 34.337306, -118.6681798, -118.1552983)
2025-03-01 22:26:03,708 - INFO - Time period - Today: 2025-02-28, PrevWeek: 2025-02-14, PrevMonth: 2025-01-14
2025-03-01 22:26:03,709 - INFO - Defined city area from bounding box.
2025-03-01 22:26:03,712 - INFO - Fetched and normalized NDVI dataset.
2025-03-01 22:26:03,714 - INFO - Fetched LST dataset.
2025-03-01 22:26:03,718 - INFO - Fetched Burned Area dataset.
2025-03-01 22:26:03,718 - INFO - Computing mean values for NDVI, LST, and Burned Area...
2025-03-01 22:26:07,352 - INFO - Computed means - NDVI: 0.29801090945058645, LST: 14711.994441083532, Burned Area: 4.3244880161187815
2025-03-01 22:26:07,352 - INFO - Predicting wildfire risk...
2025-03-01 22:26:07,495 - INFO - Prediction: no_fire, Probability: 0.585
2025-03-01 22:26:07,495 - INFO - Result for Los Angeles, US: Prediction = no_fire, Confidence = 0.585
2025-03-01 22:26:07,496 - INFO - Processing location: Houston, US
2025-03-01 22:26:07,496 - INFO - Fetching satellite data for Houston, US...
2025-03-01 22:26:07,497 - INFO - Fetching bounds for Houston, US
2025-03-01 22:26:07,738 - INFO - Bounds obtained: (29.5370705, 30.1103506, -95.9097419, -95.0120525)
2025-03-01 22:26:07,738 - INFO - Time period - Today: 2025-02-28, PrevWeek: 2025-02-14, PrevMonth: 2025-01-14
2025-03-01 22:26:07,739 - INFO - Defined city area from bounding box.
2025-03-01 22:26:07,742 - INFO - Fetched and normalized NDVI dataset.
2025-03-01 22:26:07,743 - INFO - Fetched LST dataset.
2025-03-01 22:26:07,745 - INFO - Fetched Burned Area dataset.
2025-03-01 22:26:07,746 - INFO - Computing mean values for NDVI, LST, and Burned Area...
2025-03-01 22:26:11,177 - INFO - Computed means - NDVI: 0.39124654663405, LST: 14323.195886972355, Burned Area: 4.895820910010707
2025-03-01 22:26:11,178 - INFO - Predicting wildfire risk...
2025-03-01 22:26:11,323 - INFO - Prediction: no_fire, Probability: 0.64
2025-03-01 22:26:11,325 - INFO - Result for Houston, US: Prediction = no_fire, Confidence = 0.64
2025-03-01 22:26:11,325 - INFO - Processing location: Phoenix, US
2025-03-01 22:26:11,326 - INFO - Fetching satellite data for Phoenix, US...
2025-03-01 22:26:11,326 - INFO - Fetching bounds for Phoenix, US
2025-03-01 22:26:11,569 - INFO - Bounds obtained: (33.2903739, 33.9183794, -112.3240289, -111.9255304)
2025-03-01 22:26:11,569 - INFO - Time period - Today: 2025-02-28, PrevWeek: 2025-02-14, PrevMonth: 2025-01-14
2025-03-01 22:26:11,570 - INFO - Defined city area from bounding box.
2025-03-01 22:26:11,572 - INFO - Fetched and normalized NDVI dataset.
2025-03-01 22:26:11,574 - INFO - Fetched LST dataset.
2025-03-01 22:26:11,575 - INFO - Fetched Burned Area dataset.
2025-03-01 22:26:11,575 - INFO - Computing mean values for NDVI, LST, and Burned Area...
2025-03-01 22:26:12,865 - INFO - Computed means - NDVI: 0.16934841388039687, LST: 14901.55184488169, Burned Area: 4.691328407681994
2025-03-01 22:26:12,865 - INFO - Predicting wildfire risk...
2025-03-01 22:26:12,978 - INFO - Prediction: no_fire, Probability: 0.52
2025-03-01 22:26:12,978 - INFO - Result for Phoenix, US: Prediction = no_fire, Confidence = 0.52
2025-03-01 22:26:12,978 - INFO - Processing location: Philadelphia, US
2025-03-01 22:26:12,979 - INFO - Fetching satellite data for Philadelphia, US...
2025-03-01 22:26:12,979 - INFO - Fetching bounds for Philadelphia, US
2025-03-01 22:26:13,540 - INFO - Bounds obtained: (39.867005, 40.1379593, -75.2802977, -74.9558314)
2025-03-01 22:26:13,541 - INFO - Time period - Today: 2025-02-28, PrevWeek: 2025-02-14, PrevMonth: 2025-01-14
2025-03-01 22:26:13,542 - INFO - Defined city area from bounding box.
2025-03-01 22:26:13,544 - INFO - Fetched and normalized NDVI dataset.
2025-03-01 22:26:13,545 - INFO - Fetched LST dataset.
2025-03-01 22:26:13,546 - INFO - Fetched Burned Area dataset.
2025-03-01 22:26:13,546 - INFO - Computing mean values for NDVI, LST, and Burned Area...
2025-03-01 22:26:15,888 - INFO - Computed means - NDVI: 0.23216984343851657, LST: 13893.686055484479, Burned Area: 4.461289218071381
2025-03-01 22:26:15,888 - INFO - Predicting wildfire risk...
2025-03-01 22:26:16,012 - INFO - Prediction: no_fire, Probability: 1.0
2025-03-01 22:26:16,013 - INFO - Result for Philadelphia, US: Prediction = no_fire, Confidence = 1.0
2025-03-01 22:26:16,013 - INFO - Processing location: San Antonio, US
2025-03-01 22:26:16,014 - INFO - Fetching satellite data for San Antonio, US...
2025-03-01 22:26:16,014 - INFO - Fetching bounds for San Antonio, US
2025-03-01 22:26:16,265 - INFO - Bounds obtained: (29.1862572, 29.7309623, -98.8131865, -98.2230029)
2025-03-01 22:26:16,266 - INFO - Time period - Today: 2025-02-28, PrevWeek: 2025-02-14, PrevMonth: 2025-01-14
2025-03-01 22:26:16,267 - INFO - Defined city area from bounding box.
2025-03-01 22:26:16,270 - INFO - Fetched and normalized NDVI dataset.
2025-03-01 22:26:16,271 - INFO - Fetched LST dataset.
2025-03-01 22:26:16,272 - INFO - Fetched Burned Area dataset.
2025-03-01 22:26:16,273 - INFO - Computing mean values for NDVI, LST, and Burned Area...
2025-03-01 22:26:19,841 - INFO - Computed means - NDVI: 0.35681875772818145, LST: 14486.842007868358, Burned Area: 4.804170826662423
2025-03-01 22:26:19,841 - INFO - Predicting wildfire risk...
2025-03-01 22:26:19,968 - INFO - Prediction: no_fire, Probability: 0.74
2025-03-01 22:26:19,968 - INFO - Result for San Antonio, US: Prediction = no_fire, Confidence = 0.74
2025-03-01 22:26:19,969 - INFO - Processing location: San Diego, US
2025-03-01 22:26:19,969 - INFO - Fetching satellite data for San Diego, US...
2025-03-01 22:26:19,970 - INFO - Fetching bounds for San Diego, US
2025-03-01 22:26:20,216 - INFO - Bounds obtained: (32.5347979, 33.114194, -117.3098161, -116.9057417)
2025-03-01 22:26:20,217 - INFO - Time period - Today: 2025-02-28, PrevWeek: 2025-02-14, PrevMonth: 2025-01-14
2025-03-01 22:26:20,218 - INFO - Defined city area from bounding box.
2025-03-01 22:26:20,220 - INFO - Fetched and normalized NDVI dataset.
2025-03-01 22:26:20,222 - INFO - Fetched LST dataset.
2025-03-01 22:26:20,223 - INFO - Fetched Burned Area dataset.
2025-03-01 22:26:20,223 - INFO - Computing mean values for NDVI, LST, and Burned Area...
2025-03-01 22:26:23,476 - INFO - Computed means - NDVI: 0.3091370738519192, LST: 14664.665761676853, Burned Area: 4.507940949075142
2025-03-01 22:26:23,477 - INFO - Predicting wildfire risk...
2025-03-01 22:26:23,585 - INFO - Prediction: no_fire, Probability: 0.755
2025-03-01 22:26:23,586 - INFO - Result for San Diego, US: Prediction = no_fire, Confidence = 0.755
2025-03-01 22:26:23,586 - INFO - Processing location: Dallas, US
2025-03-01 22:26:23,587 - INFO - Fetching satellite data for Dallas, US...
2025-03-01 22:26:23,587 - INFO - Fetching bounds for Dallas, US
2025-03-01 22:26:25,945 - INFO - Bounds obtained: (32.613216, 33.0239366, -97.000482, -96.4636317)
2025-03-01 22:26:25,946 - INFO - Time period - Today: 2025-02-28, PrevWeek: 2025-02-14, PrevMonth: 2025-01-14
2025-03-01 22:26:25,947 - INFO - Defined city area from bounding box.
2025-03-01 22:26:25,949 - INFO - Fetched and normalized NDVI dataset.
2025-03-01 22:26:25,950 - INFO - Fetched LST dataset.
2025-03-01 22:26:25,952 - INFO - Fetched Burned Area dataset.
2025-03-01 22:26:25,952 - INFO - Computing mean values for NDVI, LST, and Burned Area...
2025-03-01 22:26:29,826 - INFO - Computed means - NDVI: 0.30580121835659096, LST: 14170.91471425917, Burned Area: 4.7234155899294565
2025-03-01 22:26:29,826 - INFO - Predicting wildfire risk...
2025-03-01 22:26:29,950 - INFO - Prediction: no_fire, Probability: 0.985
2025-03-01 22:26:29,950 - INFO - Result for Dallas, US: Prediction = no_fire, Confidence = 0.985
2025-03-01 22:26:29,950 - INFO - Processing location: San Jose, US
2025-03-01 22:26:29,951 - INFO - Fetching satellite data for San Jose, US...
2025-03-01 22:26:29,951 - INFO - Fetching bounds for San Jose, US
2025-03-01 22:26:30,201 - INFO - Bounds obtained: (37.1231596, 37.4691477, -122.0460405, -121.5858438)
2025-03-01 22:26:30,201 - INFO - Time period - Today: 2025-02-28, PrevWeek: 2025-02-14, PrevMonth: 2025-01-14
2025-03-01 22:26:30,202 - INFO - Defined city area from bounding box.
2025-03-01 22:26:30,205 - INFO - Fetched and normalized NDVI dataset.
2025-03-01 22:26:30,207 - INFO - Fetched LST dataset.
2025-03-01 22:26:30,209 - INFO - Fetched Burned Area dataset.
2025-03-01 22:26:30,209 - INFO - Computing mean values for NDVI, LST, and Burned Area...
2025-03-01 22:26:33,597 - INFO - Computed means - NDVI: 0.49958977050565917, LST: 14425.809820066957, Burned Area: 4.840425531914892
2025-03-01 22:26:33,597 - INFO - Predicting wildfire risk...
2025-03-01 22:26:33,720 - INFO - Prediction: no_fire, Probability: 0.575
2025-03-01 22:26:33,721 - INFO - Result for San Jose, US: Prediction = no_fire, Confidence = 0.575
2025-03-01 22:26:33,721 - INFO - Processing location: Austin, US
2025-03-01 22:26:33,721 - INFO - Fetching satellite data for Austin, US...
2025-03-01 22:26:33,722 - INFO - Fetching bounds for Austin, US
2025-03-01 22:26:33,956 - INFO - Bounds obtained: (30.0985133, 30.5166255, -97.9367663, -97.5605288)
2025-03-01 22:26:33,957 - INFO - Time period - Today: 2025-02-28, PrevWeek: 2025-02-14, PrevMonth: 2025-01-14
2025-03-01 22:26:33,958 - INFO - Defined city area from bounding box.
2025-03-01 22:26:33,961 - INFO - Fetched and normalized NDVI dataset.
2025-03-01 22:26:33,962 - INFO - Fetched LST dataset.
2025-03-01 22:26:33,964 - INFO - Fetched Burned Area dataset.
2025-03-01 22:26:33,964 - INFO - Computing mean values for NDVI, LST, and Burned Area...
2025-03-01 22:26:36,068 - INFO - Computed means - NDVI: 0.39995393631375936, LST: 14354.055735581207, Burned Area: 4.908299390229197
2025-03-01 22:26:36,069 - INFO - Predicting wildfire risk...
2025-03-01 22:26:36,209 - INFO - Prediction: no_fire, Probability: 0.55
2025-03-01 22:26:36,209 - INFO - Result for Austin, US: Prediction = no_fire, Confidence = 0.55
2025-03-01 22:26:36,210 - INFO - Processing location: Jacksonville, US
2025-03-01 22:26:36,210 - INFO - Fetching satellite data for Jacksonville, US...
2025-03-01 22:26:36,210 - INFO - Fetching bounds for Jacksonville, US
2025-03-01 22:26:36,592 - INFO - Bounds obtained: (30.103748, 30.5862095, -82.0493895, -81.316712)
2025-03-01 22:26:36,593 - INFO - Time period - Today: 2025-02-28, PrevWeek: 2025-02-14, PrevMonth: 2025-01-14
2025-03-01 22:26:36,594 - INFO - Defined city area from bounding box.
2025-03-01 22:26:36,596 - INFO - Fetched and normalized NDVI dataset.
2025-03-01 22:26:36,598 - INFO - Fetched LST dataset.
2025-03-01 22:26:36,599 - INFO - Fetched Burned Area dataset.
2025-03-01 22:26:36,599 - INFO - Computing mean values for NDVI, LST, and Burned Area...
2025-03-01 22:26:39,017 - INFO - Computed means - NDVI: 0.5413136910585513, LST: 14414.415749122496, Burned Area: 4.543217232143328
2025-03-01 22:26:39,018 - INFO - Predicting wildfire risk...
2025-03-01 22:26:39,693 - INFO - Prediction: no_fire, Probability: 0.675
2025-03-01 22:26:39,695 - INFO - Result for Jacksonville, US: Prediction = no_fire, Confidence = 0.675
2025-03-01 22:26:39,696 - INFO - Processing location: Fort Worth, US
2025-03-01 22:26:39,696 - INFO - Fetching satellite data for Fort Worth, US...
2025-03-01 22:26:39,697 - INFO - Fetching bounds for Fort Worth, US
2025-03-01 22:26:40,158 - INFO - Bounds obtained: (32.551584, 33.049529, -97.592388, -97.0335808)
2025-03-01 22:26:40,159 - INFO - Time period - Today: 2025-02-28, PrevWeek: 2025-02-14, PrevMonth: 2025-01-14
2025-03-01 22:26:40,160 - INFO - Defined city area from bounding box.
2025-03-01 22:26:40,162 - INFO - Fetched and normalized NDVI dataset.
2025-03-01 22:26:40,164 - INFO - Fetched LST dataset.
2025-03-01 22:26:40,166 - INFO - Fetched Burned Area dataset.
2025-03-01 22:26:40,166 - INFO - Computing mean values for NDVI, LST, and Burned Area...
2025-03-01 22:26:44,465 - INFO - Computed means - NDVI: 0.3143145474633584, LST: 14282.123771963274, Burned Area: 4.700522735165252
2025-03-01 22:26:44,465 - INFO - Predicting wildfire risk...
2025-03-01 22:26:44,593 - INFO - Prediction: no_fire, Probability: 0.86
2025-03-01 22:26:44,593 - INFO - Result for Fort Worth, US: Prediction = no_fire, Confidence = 0.86
2025-03-01 22:26:44,594 - INFO - Processing location: Columbus, US
2025-03-01 22:26:44,594 - INFO - Fetching satellite data for Columbus, US...
2025-03-01 22:26:44,595 - INFO - Fetching bounds for Columbus, US
2025-03-01 22:26:44,809 - INFO - Bounds obtained: (39.8086936, 40.1573082, -83.2101797, -82.7713119)
2025-03-01 22:26:44,810 - INFO - Time period - Today: 2025-02-28, PrevWeek: 2025-02-14, PrevMonth: 2025-01-14
2025-03-01 22:26:44,810 - INFO - Defined city area from bounding box.
2025-03-01 22:26:44,813 - INFO - Fetched and normalized NDVI dataset.
2025-03-01 22:26:44,814 - INFO - Fetched LST dataset.
2025-03-01 22:26:44,816 - INFO - Fetched Burned Area dataset.
2025-03-01 22:26:44,816 - INFO - Computing mean values for NDVI, LST, and Burned Area...
2025-03-01 22:26:49,187 - INFO - Computed means - NDVI: 0.17311021932129453, LST: 13427.929965370906, Burned Area: 4.198467896464816
2025-03-01 22:26:49,188 - INFO - Predicting wildfire risk...
2025-03-01 22:26:49,423 - INFO - Prediction: no_fire, Probability: 0.995
2025-03-01 22:26:49,430 - INFO - Result for Columbus, US: Prediction = no_fire, Confidence = 0.995
2025-03-01 22:26:49,430 - INFO - Processing location: Charlotte, US
2025-03-01 22:26:49,431 - INFO - Fetching satellite data for Charlotte, US...
2025-03-01 22:26:49,431 - INFO - Fetching bounds for Charlotte, US
2025-03-01 22:26:50,081 - INFO - Bounds obtained: (35.0105195, 35.4002508, -81.0096282, -80.6348755)
2025-03-01 22:26:50,082 - INFO - Time period - Today: 2025-02-28, PrevWeek: 2025-02-14, PrevMonth: 2025-01-14
2025-03-01 22:26:50,083 - INFO - Defined city area from bounding box.
2025-03-01 22:26:50,086 - INFO - Fetched and normalized NDVI dataset.
2025-03-01 22:26:50,088 - INFO - Fetched LST dataset.
2025-03-01 22:26:50,090 - INFO - Fetched Burned Area dataset.
2025-03-01 22:26:50,092 - INFO - Computing mean values for NDVI, LST, and Burned Area...
2025-03-01 22:26:53,367 - INFO - Computed means - NDVI: 0.4152620714293872, LST: 14130.979729267885, Burned Area: 4.640496885255298
2025-03-01 22:26:53,368 - INFO - Predicting wildfire risk...
2025-03-01 22:26:53,518 - INFO - Prediction: no_fire, Probability: 1.0
2025-03-01 22:26:53,518 - INFO - Result for Charlotte, US: Prediction = no_fire, Confidence = 1.0
2025-03-01 22:26:53,519 - INFO - Processing location: San Francisco, US
2025-03-01 22:26:53,520 - INFO - Fetching satellite data for San Francisco, US...
2025-03-01 22:26:53,520 - INFO - Fetching bounds for San Francisco, US
2025-03-01 22:26:53,761 - INFO - Bounds obtained: (37.6403143, 37.929811, -123.173825, -122.281479)
2025-03-01 22:26:53,762 - INFO - Time period - Today: 2025-02-28, PrevWeek: 2025-02-14, PrevMonth: 2025-01-14
2025-03-01 22:26:53,763 - INFO - Defined city area from bounding box.
2025-03-01 22:26:53,766 - INFO - Fetched and normalized NDVI dataset.
2025-03-01 22:26:53,768 - INFO - Fetched LST dataset.
2025-03-01 22:26:53,770 - INFO - Fetched Burned Area dataset.
2025-03-01 22:26:53,771 - INFO - Computing mean values for NDVI, LST, and Burned Area...
2025-03-01 22:26:55,024 - INFO - Computed means - NDVI: 0.4247240564636009, LST: 14282.081383779314, Burned Area: 3.3901160356407365
2025-03-01 22:26:55,025 - INFO - Predicting wildfire risk...
2025-03-01 22:26:55,213 - INFO - Prediction: no_fire, Probability: 0.895
2025-03-01 22:26:55,214 - INFO - Result for San Francisco, US: Prediction = no_fire, Confidence = 0.895
2025-03-01 22:26:55,214 - INFO - Processing location: Indianapolis, US
2025-03-01 22:26:55,215 - INFO - Fetching satellite data for Indianapolis, US...
2025-03-01 22:26:55,215 - INFO - Fetching bounds for Indianapolis, US
2025-03-01 22:26:55,827 - INFO - Bounds obtained: (39.6321626, 39.9275253, -86.3281207, -85.9380401)
2025-03-01 22:26:55,828 - INFO - Time period - Today: 2025-02-28, PrevWeek: 2025-02-14, PrevMonth: 2025-01-14
2025-03-01 22:26:55,829 - INFO - Defined city area from bounding box.
2025-03-01 22:26:55,832 - INFO - Fetched and normalized NDVI dataset.
2025-03-01 22:26:55,834 - INFO - Fetched LST dataset.
2025-03-01 22:26:55,836 - INFO - Fetched Burned Area dataset.
2025-03-01 22:26:55,837 - INFO - Computing mean values for NDVI, LST, and Burned Area...
2025-03-01 22:27:00,247 - INFO - Computed means - NDVI: 0.19638822304209666, LST: 13360.544135409053, Burned Area: 4.196179859237634
2025-03-01 22:27:00,248 - INFO - Predicting wildfire risk...
2025-03-01 22:27:00,442 - INFO - Prediction: no_fire, Probability: 0.995
2025-03-01 22:27:00,443 - INFO - Result for Indianapolis, US: Prediction = no_fire, Confidence = 0.995
2025-03-01 22:27:00,444 - INFO - Processing location: Seattle, US
2025-03-01 22:27:00,444 - INFO - Fetching satellite data for Seattle, US...
2025-03-01 22:27:00,445 - INFO - Fetching bounds for Seattle, US
2025-03-01 22:27:00,950 - INFO - Bounds obtained: (47.4810022, 47.7341503, -122.459696, -122.224433)
2025-03-01 22:27:00,950 - INFO - Time period - Today: 2025-02-28, PrevWeek: 2025-02-14, PrevMonth: 2025-01-14
2025-03-01 22:27:00,952 - INFO - Defined city area from bounding box.
2025-03-01 22:27:00,956 - INFO - Fetched and normalized NDVI dataset.
2025-03-01 22:27:00,958 - INFO - Fetched LST dataset.
2025-03-01 22:27:00,961 - INFO - Fetched Burned Area dataset.
2025-03-01 22:27:00,961 - INFO - Computing mean values for NDVI, LST, and Burned Area...
2025-03-01 22:27:03,504 - INFO - Computed means - NDVI: 0.42700163528980567, LST: 13809.592556317335, Burned Area: 3.9475111443276423
2025-03-01 22:27:03,505 - INFO - Predicting wildfire risk...
2025-03-01 22:27:03,714 - INFO - Prediction: no_fire, Probability: 0.99
2025-03-01 22:27:03,722 - INFO - Result for Seattle, US: Prediction = no_fire, Confidence = 0.99
2025-03-01 22:27:03,722 - INFO - Processing location: Denver, US
2025-03-01 22:27:03,723 - INFO - Fetching satellite data for Denver, US...
2025-03-01 22:27:03,723 - INFO - Fetching bounds for Denver, US
2025-03-01 22:27:04,349 - INFO - Bounds obtained: (39.6143008, 39.9142087, -105.1098845, -104.5996997)
2025-03-01 22:27:04,350 - INFO - Time period - Today: 2025-02-28, PrevWeek: 2025-02-14, PrevMonth: 2025-01-14
2025-03-01 22:27:04,351 - INFO - Defined city area from bounding box.
2025-03-01 22:27:04,352 - INFO - Fetched and normalized NDVI dataset.
2025-03-01 22:27:04,354 - INFO - Fetched LST dataset.
2025-03-01 22:27:04,355 - INFO - Fetched Burned Area dataset.
2025-03-01 22:27:04,355 - INFO - Computing mean values for NDVI, LST, and Burned Area...
2025-03-01 22:27:07,699 - INFO - Computed means - NDVI: 0.14905126121387688, LST: 13943.510927524054, Burned Area: 4.120695883167043
2025-03-01 22:27:07,700 - INFO - Predicting wildfire risk...
2025-03-01 22:27:08,154 - INFO - Prediction: no_fire, Probability: 0.995
2025-03-01 22:27:08,159 - INFO - Result for Denver, US: Prediction = no_fire, Confidence = 0.995
2025-03-01 22:27:08,160 - INFO - Processing location: Washington, US
2025-03-01 22:27:08,161 - INFO - Fetching satellite data for Washington, US...
2025-03-01 22:27:08,161 - INFO - Fetching bounds for Washington, US
2025-03-01 22:27:08,535 - INFO - Bounds obtained: (38.7916303, 38.995968, -77.1197949, -76.909366)
2025-03-01 22:27:08,536 - INFO - Time period - Today: 2025-02-28, PrevWeek: 2025-02-14, PrevMonth: 2025-01-14
2025-03-01 22:27:08,537 - INFO - Defined city area from bounding box.
2025-03-01 22:27:08,542 - INFO - Fetched and normalized NDVI dataset.
2025-03-01 22:27:08,544 - INFO - Fetched LST dataset.
2025-03-01 22:27:08,545 - INFO - Fetched Burned Area dataset.
2025-03-01 22:27:08,547 - INFO - Computing mean values for NDVI, LST, and Burned Area...
2025-03-01 22:27:10,066 - INFO - Computed means - NDVI: 0.27230647157592797, LST: 13941.833565651692, Burned Area: 4.503750367971693
2025-03-01 22:27:10,067 - INFO - Predicting wildfire risk...
2025-03-01 22:27:10,563 - INFO - Prediction: no_fire, Probability: 1.0
2025-03-01 22:27:10,564 - INFO - Result for Washington, US: Prediction = no_fire, Confidence = 1.0
2025-03-01 22:27:10,564 - INFO - Processing location: Boston, US
2025-03-01 22:27:10,565 - INFO - Fetching satellite data for Boston, US...
2025-03-01 22:27:10,565 - INFO - Fetching bounds for Boston, US
2025-03-01 22:27:10,833 - INFO - Bounds obtained: (42.2279112, 42.3969775, -71.1912442, -70.8044881)
2025-03-01 22:27:10,834 - INFO - Time period - Today: 2025-02-28, PrevWeek: 2025-02-14, PrevMonth: 2025-01-14
2025-03-01 22:27:10,834 - INFO - Defined city area from bounding box.
2025-03-01 22:27:10,837 - INFO - Fetched and normalized NDVI dataset.
2025-03-01 22:27:10,838 - INFO - Fetched LST dataset.
2025-03-01 22:27:10,841 - INFO - Fetched Burned Area dataset.
2025-03-01 22:27:10,841 - INFO - Computing mean values for NDVI, LST, and Burned Area...
2025-03-01 22:27:13,249 - INFO - Computed means - NDVI: 0.25194310516728186, LST: 13594.304640470938, Burned Area: 3.9710398942202603
2025-03-01 22:27:13,249 - INFO - Predicting wildfire risk...
2025-03-01 22:27:13,361 - INFO - Prediction: no_fire, Probability: 1.0
2025-03-01 22:27:13,361 - INFO - Result for Boston, US: Prediction = no_fire, Confidence = 1.0
2025-03-01 22:27:13,362 - INFO - Processing location: El Paso, US
2025-03-01 22:27:13,362 - INFO - Fetching satellite data for El Paso, US...
2025-03-01 22:27:13,362 - INFO - Fetching bounds for El Paso, US
2025-03-01 22:27:13,570 - INFO - Bounds obtained: (31.6222161, 32.001484, -106.6357782, -106.1991528)
2025-03-01 22:27:13,571 - INFO - Time period - Today: 2025-02-28, PrevWeek: 2025-02-14, PrevMonth: 2025-01-14
2025-03-01 22:27:13,571 - INFO - Defined city area from bounding box.
2025-03-01 22:27:13,573 - INFO - Fetched and normalized NDVI dataset.
2025-03-01 22:27:13,574 - INFO - Fetched LST dataset.
2025-03-01 22:27:13,575 - INFO - Fetched Burned Area dataset.
2025-03-01 22:27:13,575 - INFO - Computing mean values for NDVI, LST, and Burned Area...
2025-03-01 22:27:17,953 - INFO - Computed means - NDVI: 0.1188714903580041, LST: 14622.801121918399, Burned Area: 4.820376577268222
2025-03-01 22:27:17,953 - INFO - Predicting wildfire risk...
2025-03-01 22:27:18,158 - INFO - Prediction: no_fire, Probability: 0.695
2025-03-01 22:27:18,168 - INFO - Result for El Paso, US: Prediction = no_fire, Confidence = 0.695
2025-03-01 22:27:18,173 - INFO - Processing location: Nashville, US
2025-03-01 22:27:18,174 - INFO - Fetching satellite data for Nashville, US...
2025-03-01 22:27:18,174 - INFO - Fetching bounds for Nashville, US
2025-03-01 22:27:18,557 - INFO - Bounds obtained: (35.967785, 36.405496, -87.054766, -86.515588)
2025-03-01 22:27:18,557 - INFO - Time period - Today: 2025-02-28, PrevWeek: 2025-02-14, PrevMonth: 2025-01-14
2025-03-01 22:27:18,558 - INFO - Defined city area from bounding box.
2025-03-01 22:27:18,561 - INFO - Fetched and normalized NDVI dataset.
2025-03-01 22:27:18,562 - INFO - Fetched LST dataset.
2025-03-01 22:27:18,564 - INFO - Fetched Burned Area dataset.
2025-03-01 22:27:18,564 - INFO - Computing mean values for NDVI, LST, and Burned Area...
2025-03-01 22:27:21,027 - INFO - Computed means - NDVI: 0.40753042867184186, LST: 13854.426397137335, Burned Area: 4.509410899031498
2025-03-01 22:27:21,028 - INFO - Predicting wildfire risk...
2025-03-01 22:27:21,166 - INFO - Prediction: no_fire, Probability: 1.0
2025-03-01 22:27:21,167 - INFO - Result for Nashville, US: Prediction = no_fire, Confidence = 1.0
2025-03-01 22:27:21,167 - INFO - Processing location: Detroit, US
2025-03-01 22:27:21,168 - INFO - Fetching satellite data for Detroit, US...
2025-03-01 22:27:21,168 - INFO - Fetching bounds for Detroit, US
2025-03-01 22:27:21,761 - INFO - Bounds obtained: (42.255192, 42.4503959, -83.287959, -82.9104391)
2025-03-01 22:27:21,761 - INFO - Time period - Today: 2025-02-28, PrevWeek: 2025-02-14, PrevMonth: 2025-01-14
2025-03-01 22:27:21,762 - INFO - Defined city area from bounding box.
2025-03-01 22:27:21,764 - INFO - Fetched and normalized NDVI dataset.
2025-03-01 22:27:21,765 - INFO - Fetched LST dataset.
2025-03-01 22:27:21,767 - INFO - Fetched Burned Area dataset.
2025-03-01 22:27:21,767 - INFO - Computing mean values for NDVI, LST, and Burned Area...
2025-03-01 22:27:26,042 - INFO - Computed means - NDVI: 0.0974409285212056, LST: 13148.428207972198, Burned Area: 3.9977990488438526
2025-03-01 22:27:26,043 - INFO - Predicting wildfire risk...
2025-03-01 22:27:26,177 - INFO - Prediction: no_fire, Probability: 1.0
2025-03-01 22:27:26,178 - INFO - Result for Detroit, US: Prediction = no_fire, Confidence = 1.0
2025-03-01 22:27:26,178 - INFO - Processing location: Oklahoma City, US
2025-03-01 22:27:26,178 - INFO - Fetching satellite data for Oklahoma City, US...
2025-03-01 22:27:26,179 - INFO - Fetching bounds for Oklahoma City, US
2025-03-01 22:27:26,477 - INFO - Bounds obtained: (35.290695, 35.6748662, -97.830948, -97.124718)
2025-03-01 22:27:26,478 - INFO - Time period - Today: 2025-02-28, PrevWeek: 2025-02-14, PrevMonth: 2025-01-14
2025-03-01 22:27:26,479 - INFO - Defined city area from bounding box.
2025-03-01 22:27:26,481 - INFO - Fetched and normalized NDVI dataset.
2025-03-01 22:27:26,483 - INFO - Fetched LST dataset.
2025-03-01 22:27:26,484 - INFO - Fetched Burned Area dataset.
2025-03-01 22:27:26,484 - INFO - Computing mean values for NDVI, LST, and Burned Area...
2025-03-01 22:27:28,928 - INFO - Computed means - NDVI: 0.29859367130367137, LST: 14207.253397661385, Burned Area: 4.696697044306032
2025-03-01 22:27:28,929 - INFO - Predicting wildfire risk...
2025-03-01 22:27:29,049 - INFO - Prediction: no_fire, Probability: 0.965
2025-03-01 22:27:29,050 - INFO - Result for Oklahoma City, US: Prediction = no_fire, Confidence = 0.965
2025-03-01 22:27:29,050 - INFO - Processing location: Portland, US
2025-03-01 22:27:29,050 - INFO - Fetching satellite data for Portland, US...
2025-03-01 22:27:29,051 - INFO - Fetching bounds for Portland, US
2025-03-01 22:27:29,925 - INFO - Bounds obtained: (45.432536, 45.6528812, -122.8367489, -122.4720252)
2025-03-01 22:27:29,925 - INFO - Time period - Today: 2025-02-28, PrevWeek: 2025-02-14, PrevMonth: 2025-01-14
2025-03-01 22:27:29,926 - INFO - Defined city area from bounding box.
2025-03-01 22:27:29,929 - INFO - Fetched and normalized NDVI dataset.
2025-03-01 22:27:29,930 - INFO - Fetched LST dataset.
2025-03-01 22:27:29,931 - INFO - Fetched Burned Area dataset.
2025-03-01 22:27:29,932 - INFO - Computing mean values for NDVI, LST, and Burned Area...
2025-03-01 22:27:32,202 - INFO - Computed means - NDVI: 0.4388982362498887, LST: 13042.178017990775, Burned Area: 4.256530601784508
2025-03-01 22:27:32,203 - INFO - Predicting wildfire risk...
2025-03-01 22:27:32,324 - INFO - Prediction: no_fire, Probability: 0.955
2025-03-01 22:27:32,324 - INFO - Result for Portland, US: Prediction = no_fire, Confidence = 0.955
2025-03-01 22:27:32,324 - INFO - Processing location: Las Vegas, US
2025-03-01 22:27:32,325 - INFO - Fetching satellite data for Las Vegas, US...
2025-03-01 22:27:32,325 - INFO - Fetching bounds for Las Vegas, US
2025-03-01 22:27:33,077 - INFO - Bounds obtained: (36.129554, 36.3808406, -115.4242845, -115.062066)
2025-03-01 22:27:33,077 - INFO - Time period - Today: 2025-02-28, PrevWeek: 2025-02-14, PrevMonth: 2025-01-14
2025-03-01 22:27:33,078 - INFO - Defined city area from bounding box.
2025-03-01 22:27:33,080 - INFO - Fetched and normalized NDVI dataset.
2025-03-01 22:27:33,081 - INFO - Fetched LST dataset.
2025-03-01 22:27:33,082 - INFO - Fetched Burned Area dataset.
2025-03-01 22:27:33,083 - INFO - Computing mean values for NDVI, LST, and Burned Area...
2025-03-01 22:27:36,279 - INFO - Computed means - NDVI: 0.13462620830187916, LST: 14551.299613778061, Burned Area: 4.976748370781067
2025-03-01 22:27:36,280 - INFO - Predicting wildfire risk...
2025-03-01 22:27:36,402 - INFO - Prediction: no_fire, Probability: 0.515
2025-03-01 22:27:36,402 - INFO - Result for Las Vegas, US: Prediction = no_fire, Confidence = 0.515
2025-03-01 22:27:36,403 - INFO - Processing location: Memphis, US
2025-03-01 22:27:36,403 - INFO - Fetching satellite data for Memphis, US...
2025-03-01 22:27:36,404 - INFO - Fetching bounds for Memphis, US
2025-03-01 22:27:36,802 - INFO - Bounds obtained: (34.9941528, 35.263879, -90.308366, -89.637089)
2025-03-01 22:27:36,802 - INFO - Time period - Today: 2025-02-28, PrevWeek: 2025-02-14, PrevMonth: 2025-01-14
2025-03-01 22:27:36,803 - INFO - Defined city area from bounding box.
2025-03-01 22:27:36,805 - INFO - Fetched and normalized NDVI dataset.
2025-03-01 22:27:36,806 - INFO - Fetched LST dataset.
2025-03-01 22:27:36,807 - INFO - Fetched Burned Area dataset.
2025-03-01 22:27:36,808 - INFO - Computing mean values for NDVI, LST, and Burned Area...
2025-03-01 22:27:39,450 - INFO - Computed means - NDVI: 0.32527966457158736, LST: 13949.9714309, Burned Area: 4.356362332152272
2025-03-01 22:27:39,450 - INFO - Predicting wildfire risk...
2025-03-01 22:27:39,570 - INFO - Prediction: no_fire, Probability: 0.985
2025-03-01 22:27:39,570 - INFO - Result for Memphis, US: Prediction = no_fire, Confidence = 0.985
2025-03-01 22:27:39,570 - INFO - Processing location: Louisville, US
2025-03-01 22:27:39,571 - INFO - Fetching satellite data for Louisville, US...
2025-03-01 22:27:39,571 - INFO - Fetching bounds for Louisville, US
2025-03-01 22:27:39,963 - INFO - Bounds obtained: (37.9971, 38.3801391, -85.9470644, -85.4051)
2025-03-01 22:27:39,964 - INFO - Time period - Today: 2025-02-28, PrevWeek: 2025-02-14, PrevMonth: 2025-01-14
2025-03-01 22:27:39,964 - INFO - Defined city area from bounding box.
2025-03-01 22:27:39,966 - INFO - Fetched and normalized NDVI dataset.
2025-03-01 22:27:39,967 - INFO - Fetched LST dataset.
2025-03-01 22:27:39,969 - INFO - Fetched Burned Area dataset.
2025-03-01 22:27:39,969 - INFO - Computing mean values for NDVI, LST, and Burned Area...
2025-03-01 22:27:41,296 - INFO - Computed means - NDVI: 0.36763893440017853, LST: 13721.55514352721, Burned Area: 4.265564194619929
2025-03-01 22:27:41,297 - INFO - Predicting wildfire risk...
2025-03-01 22:27:41,418 - INFO - Prediction: no_fire, Probability: 0.99
2025-03-01 22:27:41,418 - INFO - Result for Louisville, US: Prediction = no_fire, Confidence = 0.99
2025-03-01 22:27:41,418 - INFO - Processing location: Baltimore, US
2025-03-01 22:27:41,419 - INFO - Fetching satellite data for Baltimore, US...
2025-03-01 22:27:41,419 - INFO - Fetching bounds for Baltimore, US
2025-03-01 22:27:45,158 - ERROR - Error in get_city_bounds: HTTPSConnectionPool(host='nominatim.openstreetmap.org', port=443): Max retries exceeded with url: /search?q=Baltimore%2C+US&format=json&limit=1 (Caused by ReadTimeoutError("HTTPSConnectionPool(host='nominatim.openstreetmap.org', port=443): Read timed out. (read timeout=1)"))
2025-03-01 22:27:45,164 - ERROR - Error for Baltimore, US: City coordinates not found
2025-03-01 22:27:45,165 - INFO - Fire prediction process completed.
2025-03-01 22:37:45,212 - INFO - Starting fire prediction process...
2025-03-01 22:37:45,212 - INFO - Authenticating Google Earth Engine...
2025-03-01 22:37:48,197 - INFO - Google Earth Engine initialized.
2025-03-01 22:37:48,199 - INFO - Processing location: New York, US
2025-03-01 22:37:48,200 - INFO - Fetching satellite data for New York, US...
2025-03-01 22:37:48,200 - INFO - Time period - Today: 2025-02-28, PrevWeek: 2025-02-14, PrevMonth: 2025-01-14
2025-03-01 22:37:48,201 - INFO - Defined city area from bounding box.
2025-03-01 22:37:48,205 - INFO - Fetched and normalized NDVI dataset.
2025-03-01 22:37:48,207 - INFO - Fetched LST dataset.
2025-03-01 22:37:48,209 - INFO - Fetched Burned Area dataset.
2025-03-01 22:37:48,210 - INFO - Computing mean values for NDVI, LST, and Burned Area...
2025-03-01 22:37:50,684 - INFO - Computed means - NDVI: 0.1500700786795572, LST: 13785.374027643395, Burned Area: 4.078786888115593
2025-03-01 22:37:50,685 - INFO - Predicting wildfire risk...
2025-03-01 22:37:50,879 - INFO - Prediction: no_fire, Probability: 0.995
2025-03-01 22:37:50,879 - INFO - Result for New York, US: Prediction = no_fire, Confidence = 0.995
2025-03-01 22:37:50,880 - INFO - Processing location: Los Angeles, US
2025-03-01 22:37:50,881 - INFO - Fetching satellite data for Los Angeles, US...
2025-03-01 22:37:50,881 - INFO - Time period - Today: 2025-02-28, PrevWeek: 2025-02-14, PrevMonth: 2025-01-14
2025-03-01 22:37:50,882 - INFO - Defined city area from bounding box.
2025-03-01 22:37:50,886 - INFO - Fetched and normalized NDVI dataset.
2025-03-01 22:37:50,889 - INFO - Fetched LST dataset.
2025-03-01 22:37:50,891 - INFO - Fetched Burned Area dataset.
2025-03-01 22:37:50,892 - INFO - Computing mean values for NDVI, LST, and Burned Area...
2025-03-01 22:37:54,199 - INFO - Computed means - NDVI: 0.29801090945058645, LST: 14711.994441083532, Burned Area: 4.3244880161187815
2025-03-01 22:37:54,200 - INFO - Predicting wildfire risk...
2025-03-01 22:37:54,389 - INFO - Prediction: no_fire, Probability: 0.585
2025-03-01 22:37:54,389 - INFO - Result for Los Angeles, US: Prediction = no_fire, Confidence = 0.585
2025-03-01 22:37:54,390 - INFO - Processing location: Houston, US
2025-03-01 22:37:54,390 - INFO - Fetching satellite data for Houston, US...
2025-03-01 22:37:54,391 - INFO - Time period - Today: 2025-02-28, PrevWeek: 2025-02-14, PrevMonth: 2025-01-14
2025-03-01 22:37:54,392 - INFO - Defined city area from bounding box.
2025-03-01 22:37:54,395 - INFO - Fetched and normalized NDVI dataset.
2025-03-01 22:37:54,397 - INFO - Fetched LST dataset.
2025-03-01 22:37:54,398 - INFO - Fetched Burned Area dataset.
2025-03-01 22:37:54,399 - INFO - Computing mean values for NDVI, LST, and Burned Area...
2025-03-01 22:37:55,837 - INFO - Computed means - NDVI: 0.39124654663405, LST: 14323.195886972355, Burned Area: 4.895820910010707
2025-03-01 22:37:55,838 - INFO - Predicting wildfire risk...
2025-03-01 22:37:56,013 - INFO - Prediction: no_fire, Probability: 0.64
2025-03-01 22:37:56,014 - INFO - Result for Houston, US: Prediction = no_fire, Confidence = 0.64
2025-03-01 22:37:56,015 - INFO - Processing location: Phoenix, US
2025-03-01 22:37:56,015 - INFO - Fetching satellite data for Phoenix, US...
2025-03-01 22:37:56,016 - INFO - Time period - Today: 2025-02-28, PrevWeek: 2025-02-14, PrevMonth: 2025-01-14
2025-03-01 22:37:56,017 - INFO - Defined city area from bounding box.
2025-03-01 22:37:56,020 - INFO - Fetched and normalized NDVI dataset.
2025-03-01 22:37:56,022 - INFO - Fetched LST dataset.
2025-03-01 22:37:56,025 - INFO - Fetched Burned Area dataset.
2025-03-01 22:37:56,025 - INFO - Computing mean values for NDVI, LST, and Burned Area...
2025-03-01 22:37:58,485 - INFO - Computed means - NDVI: 0.16934841388039687, LST: 14901.55184488169, Burned Area: 4.691328407681994
2025-03-01 22:37:58,485 - INFO - Predicting wildfire risk...
2025-03-01 22:37:58,671 - INFO - Prediction: no_fire, Probability: 0.52
2025-03-01 22:37:58,672 - INFO - Result for Phoenix, US: Prediction = no_fire, Confidence = 0.52
2025-03-01 22:37:58,672 - INFO - Processing location: Philadelphia, US
2025-03-01 22:37:58,673 - INFO - Fetching satellite data for Philadelphia, US...
2025-03-01 22:37:58,674 - INFO - Time period - Today: 2025-02-28, PrevWeek: 2025-02-14, PrevMonth: 2025-01-14
2025-03-01 22:37:58,675 - INFO - Defined city area from bounding box.
2025-03-01 22:37:58,679 - INFO - Fetched and normalized NDVI dataset.
2025-03-01 22:37:58,681 - INFO - Fetched LST dataset.
2025-03-01 22:37:58,684 - INFO - Fetched Burned Area dataset.
2025-03-01 22:37:58,684 - INFO - Computing mean values for NDVI, LST, and Burned Area...
2025-03-01 22:38:00,062 - INFO - Computed means - NDVI: 0.23216984343851657, LST: 13893.686055484479, Burned Area: 4.461289218071381
2025-03-01 22:38:00,063 - INFO - Predicting wildfire risk...
2025-03-01 22:38:00,258 - INFO - Prediction: no_fire, Probability: 1.0
2025-03-01 22:38:00,259 - INFO - Result for Philadelphia, US: Prediction = no_fire, Confidence = 1.0
2025-03-01 22:38:00,259 - INFO - Processing location: San Antonio, US
2025-03-01 22:38:00,260 - INFO - Fetching satellite data for San Antonio, US...
2025-03-01 22:38:00,260 - INFO - Time period - Today: 2025-02-28, PrevWeek: 2025-02-14, PrevMonth: 2025-01-14
2025-03-01 22:38:00,261 - INFO - Defined city area from bounding box.
2025-03-01 22:38:00,264 - INFO - Fetched and normalized NDVI dataset.
2025-03-01 22:38:00,267 - INFO - Fetched LST dataset.
2025-03-01 22:38:00,269 - INFO - Fetched Burned Area dataset.
2025-03-01 22:38:00,271 - INFO - Computing mean values for NDVI, LST, and Burned Area...
2025-03-01 22:38:03,604 - INFO - Computed means - NDVI: 0.35681875772818145, LST: 14486.842007868358, Burned Area: 4.804170826662423
2025-03-01 22:38:03,605 - INFO - Predicting wildfire risk...
2025-03-01 22:38:03,791 - INFO - Prediction: no_fire, Probability: 0.74
2025-03-01 22:38:03,792 - INFO - Result for San Antonio, US: Prediction = no_fire, Confidence = 0.74
2025-03-01 22:38:03,792 - INFO - Processing location: San Diego, US
2025-03-01 22:38:03,793 - INFO - Fetching satellite data for San Diego, US...
2025-03-01 22:38:03,793 - INFO - Time period - Today: 2025-02-28, PrevWeek: 2025-02-14, PrevMonth: 2025-01-14
2025-03-01 22:38:03,794 - INFO - Defined city area from bounding box.
2025-03-01 22:38:03,798 - INFO - Fetched and normalized NDVI dataset.
2025-03-01 22:38:03,801 - INFO - Fetched LST dataset.
2025-03-01 22:38:03,803 - INFO - Fetched Burned Area dataset.
2025-03-01 22:38:03,804 - INFO - Computing mean values for NDVI, LST, and Burned Area...
2025-03-01 22:38:07,009 - INFO - Computed means - NDVI: 0.3091370738519192, LST: 14664.665761676853, Burned Area: 4.507940949075142
2025-03-01 22:38:07,010 - INFO - Predicting wildfire risk...
2025-03-01 22:38:07,200 - INFO - Prediction: no_fire, Probability: 0.755
2025-03-01 22:38:07,201 - INFO - Result for San Diego, US: Prediction = no_fire, Confidence = 0.755
2025-03-01 22:38:07,202 - INFO - Processing location: Dallas, US
2025-03-01 22:38:07,202 - INFO - Fetching satellite data for Dallas, US...
2025-03-01 22:38:07,202 - INFO - Time period - Today: 2025-02-28, PrevWeek: 2025-02-14, PrevMonth: 2025-01-14
2025-03-01 22:38:07,203 - INFO - Defined city area from bounding box.
2025-03-01 22:38:07,206 - INFO - Fetched and normalized NDVI dataset.
2025-03-01 22:38:07,209 - INFO - Fetched LST dataset.
2025-03-01 22:38:07,211 - INFO - Fetched Burned Area dataset.
2025-03-01 22:38:07,211 - INFO - Computing mean values for NDVI, LST, and Burned Area...
2025-03-01 22:38:09,425 - INFO - Computed means - NDVI: 0.30580121835659096, LST: 14170.91471425917, Burned Area: 4.7234155899294565
2025-03-01 22:38:09,426 - INFO - Predicting wildfire risk...
2025-03-01 22:38:09,607 - INFO - Prediction: no_fire, Probability: 0.985
2025-03-01 22:38:09,607 - INFO - Result for Dallas, US: Prediction = no_fire, Confidence = 0.985
2025-03-01 22:38:09,608 - INFO - Processing location: San Jose, US
2025-03-01 22:38:09,609 - INFO - Fetching satellite data for San Jose, US...
2025-03-01 22:38:09,609 - INFO - Time period - Today: 2025-02-28, PrevWeek: 2025-02-14, PrevMonth: 2025-01-14
2025-03-01 22:38:09,610 - INFO - Defined city area from bounding box.
2025-03-01 22:38:09,613 - INFO - Fetched and normalized NDVI dataset.
2025-03-01 22:38:09,615 - INFO - Fetched LST dataset.
2025-03-01 22:38:09,618 - INFO - Fetched Burned Area dataset.
2025-03-01 22:38:09,618 - INFO - Computing mean values for NDVI, LST, and Burned Area...
2025-03-01 22:38:13,124 - INFO - Computed means - NDVI: 0.49958977050565917, LST: 14425.809820066957, Burned Area: 4.840425531914892
2025-03-01 22:38:13,125 - INFO - Predicting wildfire risk...
2025-03-01 22:38:13,294 - INFO - Prediction: no_fire, Probability: 0.575
2025-03-01 22:38:13,294 - INFO - Result for San Jose, US: Prediction = no_fire, Confidence = 0.575
2025-03-01 22:38:13,295 - INFO - Processing location: Austin, US
2025-03-01 22:38:13,295 - INFO - Fetching satellite data for Austin, US...
2025-03-01 22:38:13,295 - INFO - Time period - Today: 2025-02-28, PrevWeek: 2025-02-14, PrevMonth: 2025-01-14
2025-03-01 22:38:13,296 - INFO - Defined city area from bounding box.
2025-03-01 22:38:13,299 - INFO - Fetched and normalized NDVI dataset.
2025-03-01 22:38:13,300 - INFO - Fetched LST dataset.
2025-03-01 22:38:13,302 - INFO - Fetched Burned Area dataset.
2025-03-01 22:38:13,303 - INFO - Computing mean values for NDVI, LST, and Burned Area...
2025-03-01 22:38:17,594 - INFO - Computed means - NDVI: 0.39995393631375936, LST: 14354.055735581207, Burned Area: 4.908299390229197
2025-03-01 22:38:17,595 - INFO - Predicting wildfire risk...
2025-03-01 22:38:17,783 - INFO - Prediction: no_fire, Probability: 0.55
2025-03-01 22:38:17,783 - INFO - Result for Austin, US: Prediction = no_fire, Confidence = 0.55
2025-03-01 22:38:17,784 - INFO - Processing location: Jacksonville, US
2025-03-01 22:38:17,785 - INFO - Fetching satellite data for Jacksonville, US...
2025-03-01 22:38:17,785 - INFO - Time period - Today: 2025-02-28, PrevWeek: 2025-02-14, PrevMonth: 2025-01-14
2025-03-01 22:38:17,786 - INFO - Defined city area from bounding box.
2025-03-01 22:38:17,790 - INFO - Fetched and normalized NDVI dataset.
2025-03-01 22:38:17,792 - INFO - Fetched LST dataset.
2025-03-01 22:38:17,795 - INFO - Fetched Burned Area dataset.
2025-03-01 22:38:17,796 - INFO - Computing mean values for NDVI, LST, and Burned Area...
2025-03-01 22:38:20,306 - INFO - Computed means - NDVI: 0.5413136910585513, LST: 14414.415749122496, Burned Area: 4.543217232143328
2025-03-01 22:38:20,307 - INFO - Predicting wildfire risk...
2025-03-01 22:38:20,507 - INFO - Prediction: no_fire, Probability: 0.675
2025-03-01 22:38:20,508 - INFO - Result for Jacksonville, US: Prediction = no_fire, Confidence = 0.675
2025-03-01 22:38:20,509 - INFO - Processing location: Fort Worth, US
2025-03-01 22:38:20,509 - INFO - Fetching satellite data for Fort Worth, US...
2025-03-01 22:38:20,510 - INFO - Time period - Today: 2025-02-28, PrevWeek: 2025-02-14, PrevMonth: 2025-01-14
2025-03-01 22:38:20,511 - INFO - Defined city area from bounding box.
2025-03-01 22:38:20,515 - INFO - Fetched and normalized NDVI dataset.
2025-03-01 22:38:20,517 - INFO - Fetched LST dataset.
2025-03-01 22:38:20,519 - INFO - Fetched Burned Area dataset.
2025-03-01 22:38:20,520 - INFO - Computing mean values for NDVI, LST, and Burned Area...
2025-03-01 22:38:23,072 - INFO - Computed means - NDVI: 0.3143145474633584, LST: 14282.123771963274, Burned Area: 4.700522735165252
2025-03-01 22:38:23,072 - INFO - Predicting wildfire risk...
2025-03-01 22:38:23,277 - INFO - Prediction: no_fire, Probability: 0.86
2025-03-01 22:38:23,277 - INFO - Result for Fort Worth, US: Prediction = no_fire, Confidence = 0.86
2025-03-01 22:38:23,278 - INFO - Processing location: Columbus, US
2025-03-01 22:38:23,279 - INFO - Fetching satellite data for Columbus, US...
2025-03-01 22:38:23,279 - INFO - Time period - Today: 2025-02-28, PrevWeek: 2025-02-14, PrevMonth: 2025-01-14
2025-03-01 22:38:23,281 - INFO - Defined city area from bounding box.
2025-03-01 22:38:23,284 - INFO - Fetched and normalized NDVI dataset.
2025-03-01 22:38:23,287 - INFO - Fetched LST dataset.
2025-03-01 22:38:23,289 - INFO - Fetched Burned Area dataset.
2025-03-01 22:38:23,289 - INFO - Computing mean values for NDVI, LST, and Burned Area...
2025-03-01 22:38:25,404 - INFO - Computed means - NDVI: 0.17311021932129453, LST: 13427.929965370906, Burned Area: 4.198467896464816
2025-03-01 22:38:25,405 - INFO - Predicting wildfire risk...
2025-03-01 22:38:25,733 - INFO - Prediction: no_fire, Probability: 0.995
2025-03-01 22:38:25,734 - INFO - Result for Columbus, US: Prediction = no_fire, Confidence = 0.995
2025-03-01 22:38:25,734 - INFO - Processing location: Charlotte, US
2025-03-01 22:38:25,734 - INFO - Fetching satellite data for Charlotte, US...
2025-03-01 22:38:25,735 - INFO - Time period - Today: 2025-02-28, PrevWeek: 2025-02-14, PrevMonth: 2025-01-14
2025-03-01 22:38:25,736 - INFO - Defined city area from bounding box.
2025-03-01 22:38:25,739 - INFO - Fetched and normalized NDVI dataset.
2025-03-01 22:38:25,742 - INFO - Fetched LST dataset.
2025-03-01 22:38:25,744 - INFO - Fetched Burned Area dataset.
2025-03-01 22:38:25,745 - INFO - Computing mean values for NDVI, LST, and Burned Area...
2025-03-01 22:38:27,098 - INFO - Computed means - NDVI: 0.4152620714293872, LST: 14130.979729267885, Burned Area: 4.640496885255298
2025-03-01 22:38:27,098 - INFO - Predicting wildfire risk...
2025-03-01 22:38:27,287 - INFO - Prediction: no_fire, Probability: 1.0
2025-03-01 22:38:27,287 - INFO - Result for Charlotte, US: Prediction = no_fire, Confidence = 1.0
2025-03-01 22:38:27,288 - INFO - Processing location: San Francisco, US
2025-03-01 22:38:27,288 - INFO - Fetching satellite data for San Francisco, US...
2025-03-01 22:38:27,289 - INFO - Time period - Today: 2025-02-28, PrevWeek: 2025-02-14, PrevMonth: 2025-01-14
2025-03-01 22:38:27,290 - INFO - Defined city area from bounding box.
2025-03-01 22:38:27,294 - INFO - Fetched and normalized NDVI dataset.
2025-03-01 22:38:27,295 - INFO - Fetched LST dataset.
2025-03-01 22:38:27,296 - INFO - Fetched Burned Area dataset.
2025-03-01 22:38:27,296 - INFO - Computing mean values for NDVI, LST, and Burned Area...
2025-03-01 22:38:29,514 - INFO - Computed means - NDVI: 0.4247240564636009, LST: 14282.081383779314, Burned Area: 3.3901160356407365
2025-03-01 22:38:29,515 - INFO - Predicting wildfire risk...
2025-03-01 22:38:29,711 - INFO - Prediction: no_fire, Probability: 0.895
2025-03-01 22:38:29,712 - INFO - Result for San Francisco, US: Prediction = no_fire, Confidence = 0.895
2025-03-01 22:38:29,712 - INFO - Processing location: Indianapolis, US
2025-03-01 22:38:29,713 - INFO - Fetching satellite data for Indianapolis, US...
2025-03-01 22:38:29,714 - INFO - Time period - Today: 2025-02-28, PrevWeek: 2025-02-14, PrevMonth: 2025-01-14
2025-03-01 22:38:29,715 - INFO - Defined city area from bounding box.
2025-03-01 22:38:29,719 - INFO - Fetched and normalized NDVI dataset.
2025-03-01 22:38:29,721 - INFO - Fetched LST dataset.
2025-03-01 22:38:29,724 - INFO - Fetched Burned Area dataset.
2025-03-01 22:38:29,725 - INFO - Computing mean values for NDVI, LST, and Burned Area...
2025-03-01 22:38:30,958 - INFO - Computed means - NDVI: 0.19638822304209666, LST: 13360.544135409053, Burned Area: 4.196179859237634
2025-03-01 22:38:30,959 - INFO - Predicting wildfire risk...
2025-03-01 22:38:31,159 - INFO - Prediction: no_fire, Probability: 0.995
2025-03-01 22:38:31,160 - INFO - Result for Indianapolis, US: Prediction = no_fire, Confidence = 0.995
2025-03-01 22:38:31,160 - INFO - Processing location: Seattle, US
2025-03-01 22:38:31,161 - INFO - Fetching satellite data for Seattle, US...
2025-03-01 22:38:31,162 - INFO - Time period - Today: 2025-02-28, PrevWeek: 2025-02-14, PrevMonth: 2025-01-14
2025-03-01 22:38:31,163 - INFO - Defined city area from bounding box.
2025-03-01 22:38:31,165 - INFO - Fetched and normalized NDVI dataset.
2025-03-01 22:38:31,167 - INFO - Fetched LST dataset.
2025-03-01 22:38:31,168 - INFO - Fetched Burned Area dataset.
2025-03-01 22:38:31,169 - INFO - Computing mean values for NDVI, LST, and Burned Area...
2025-03-01 22:38:34,528 - INFO - Computed means - NDVI: 0.42700163528980567, LST: 13809.592556317335, Burned Area: 3.9475111443276423
2025-03-01 22:38:34,528 - INFO - Predicting wildfire risk...
2025-03-01 22:38:34,639 - INFO - Prediction: no_fire, Probability: 0.99
2025-03-01 22:38:34,639 - INFO - Result for Seattle, US: Prediction = no_fire, Confidence = 0.99
2025-03-01 22:38:34,639 - INFO - Processing location: Denver, US
2025-03-01 22:38:34,640 - INFO - Fetching satellite data for Denver, US...
2025-03-01 22:38:34,640 - INFO - Time period - Today: 2025-02-28, PrevWeek: 2025-02-14, PrevMonth: 2025-01-14
2025-03-01 22:38:34,641 - INFO - Defined city area from bounding box.
2025-03-01 22:38:34,643 - INFO - Fetched and normalized NDVI dataset.
2025-03-01 22:38:34,644 - INFO - Fetched LST dataset.
2025-03-01 22:38:34,645 - INFO - Fetched Burned Area dataset.
2025-03-01 22:38:34,645 - INFO - Computing mean values for NDVI, LST, and Burned Area...
2025-03-01 22:38:37,088 - INFO - Computed means - NDVI: 0.14905126121387688, LST: 13943.510927524054, Burned Area: 4.120695883167043
2025-03-01 22:38:37,088 - INFO - Predicting wildfire risk...
2025-03-01 22:38:37,229 - INFO - Prediction: no_fire, Probability: 0.995
2025-03-01 22:38:37,230 - INFO - Result for Denver, US: Prediction = no_fire, Confidence = 0.995
2025-03-01 22:38:37,230 - INFO - Processing location: Washington, US
2025-03-01 22:38:37,230 - INFO - Fetching satellite data for Washington, US...
2025-03-01 22:38:37,231 - INFO - Time period - Today: 2025-02-28, PrevWeek: 2025-02-14, PrevMonth: 2025-01-14
2025-03-01 22:38:37,231 - INFO - Defined city area from bounding box.
2025-03-01 22:38:37,234 - INFO - Fetched and normalized NDVI dataset.
2025-03-01 22:38:37,235 - INFO - Fetched LST dataset.
2025-03-01 22:38:37,236 - INFO - Fetched Burned Area dataset.
2025-03-01 22:38:37,237 - INFO - Computing mean values for NDVI, LST, and Burned Area...
2025-03-01 22:38:40,584 - INFO - Computed means - NDVI: 0.27230647157592797, LST: 13941.833565651692, Burned Area: 4.503750367971693
2025-03-01 22:38:40,584 - INFO - Predicting wildfire risk...
2025-03-01 22:38:40,688 - INFO - Prediction: no_fire, Probability: 1.0
2025-03-01 22:38:40,689 - INFO - Result for Washington, US: Prediction = no_fire, Confidence = 1.0
2025-03-01 22:38:40,689 - INFO - Processing location: Boston, US
2025-03-01 22:38:40,689 - INFO - Fetching satellite data for Boston, US...
2025-03-01 22:38:40,689 - INFO - Time period - Today: 2025-02-28, PrevWeek: 2025-02-14, PrevMonth: 2025-01-14
2025-03-01 22:38:40,690 - INFO - Defined city area from bounding box.
2025-03-01 22:38:40,691 - INFO - Fetched and normalized NDVI dataset.
2025-03-01 22:38:40,692 - INFO - Fetched LST dataset.
2025-03-01 22:38:40,693 - INFO - Fetched Burned Area dataset.
2025-03-01 22:38:40,693 - INFO - Computing mean values for NDVI, LST, and Burned Area...
2025-03-01 22:38:43,832 - INFO - Computed means - NDVI: 0.25194310516728186, LST: 13594.304640470938, Burned Area: 3.9710398942202603
2025-03-01 22:38:43,832 - INFO - Predicting wildfire risk...
2025-03-01 22:38:43,936 - INFO - Prediction: no_fire, Probability: 1.0
2025-03-01 22:38:43,937 - INFO - Result for Boston, US: Prediction = no_fire, Confidence = 1.0
2025-03-01 22:38:43,937 - INFO - Processing location: El Paso, US
2025-03-01 22:38:43,938 - INFO - Fetching satellite data for El Paso, US...
2025-03-01 22:38:43,938 - INFO - Time period - Today: 2025-02-28, PrevWeek: 2025-02-14, PrevMonth: 2025-01-14
2025-03-01 22:38:43,939 - INFO - Defined city area from bounding box.
2025-03-01 22:38:43,941 - INFO - Fetched and normalized NDVI dataset.
2025-03-01 22:38:43,942 - INFO - Fetched LST dataset.
2025-03-01 22:38:43,943 - INFO - Fetched Burned Area dataset.
2025-03-01 22:38:43,943 - INFO - Computing mean values for NDVI, LST, and Burned Area...
2025-03-01 22:38:45,206 - INFO - Computed means - NDVI: 0.1188714903580041, LST: 14622.801121918399, Burned Area: 4.820376577268222
2025-03-01 22:38:45,207 - INFO - Predicting wildfire risk...
2025-03-01 22:38:45,311 - INFO - Prediction: no_fire, Probability: 0.695
2025-03-01 22:38:45,312 - INFO - Result for El Paso, US: Prediction = no_fire, Confidence = 0.695
2025-03-01 22:38:45,312 - INFO - Processing location: Nashville, US
2025-03-01 22:38:45,312 - INFO - Fetching satellite data for Nashville, US...
2025-03-01 22:38:45,313 - INFO - Time period - Today: 2025-02-28, PrevWeek: 2025-02-14, PrevMonth: 2025-01-14
2025-03-01 22:38:45,313 - INFO - Defined city area from bounding box.
2025-03-01 22:38:45,315 - INFO - Fetched and normalized NDVI dataset.
2025-03-01 22:38:45,316 - INFO - Fetched LST dataset.
2025-03-01 22:38:45,317 - INFO - Fetched Burned Area dataset.
2025-03-01 22:38:45,318 - INFO - Computing mean values for NDVI, LST, and Burned Area...
2025-03-01 22:38:47,643 - INFO - Computed means - NDVI: 0.40753042867184186, LST: 13854.426397137335, Burned Area: 4.509410899031498
2025-03-01 22:38:47,644 - INFO - Predicting wildfire risk...
2025-03-01 22:38:47,753 - INFO - Prediction: no_fire, Probability: 1.0
2025-03-01 22:38:47,754 - INFO - Result for Nashville, US: Prediction = no_fire, Confidence = 1.0
2025-03-01 22:38:47,754 - INFO - Processing location: Detroit, US
2025-03-01 22:38:47,755 - INFO - Fetching satellite data for Detroit, US...
2025-03-01 22:38:47,755 - INFO - Time period - Today: 2025-02-28, PrevWeek: 2025-02-14, PrevMonth: 2025-01-14
2025-03-01 22:38:47,755 - INFO - Defined city area from bounding box.
2025-03-01 22:38:47,758 - INFO - Fetched and normalized NDVI dataset.
2025-03-01 22:38:47,759 - INFO - Fetched LST dataset.
2025-03-01 22:38:47,761 - INFO - Fetched Burned Area dataset.
2025-03-01 22:38:47,761 - INFO - Computing mean values for NDVI, LST, and Burned Area...
2025-03-01 22:38:49,894 - INFO - Computed means - NDVI: 0.0974409285212056, LST: 13148.428207972198, Burned Area: 3.9977990488438526
2025-03-01 22:38:49,895 - INFO - Predicting wildfire risk...
2025-03-01 22:38:50,035 - INFO - Prediction: no_fire, Probability: 1.0
2025-03-01 22:38:50,035 - INFO - Result for Detroit, US: Prediction = no_fire, Confidence = 1.0
2025-03-01 22:38:50,036 - INFO - Processing location: Oklahoma City, US
2025-03-01 22:38:50,036 - INFO - Fetching satellite data for Oklahoma City, US...
2025-03-01 22:38:50,037 - INFO - Time period - Today: 2025-02-28, PrevWeek: 2025-02-14, PrevMonth: 2025-01-14
2025-03-01 22:38:50,037 - INFO - Defined city area from bounding box.
2025-03-01 22:38:50,040 - INFO - Fetched and normalized NDVI dataset.
2025-03-01 22:38:50,041 - INFO - Fetched LST dataset.
2025-03-01 22:38:50,042 - INFO - Fetched Burned Area dataset.
2025-03-01 22:38:50,042 - INFO - Computing mean values for NDVI, LST, and Burned Area...
2025-03-01 22:38:51,348 - INFO - Computed means - NDVI: 0.29859367130367137, LST: 14207.253397661385, Burned Area: 4.696697044306032
2025-03-01 22:38:51,348 - INFO - Predicting wildfire risk...
2025-03-01 22:38:51,460 - INFO - Prediction: no_fire, Probability: 0.965
2025-03-01 22:38:51,460 - INFO - Result for Oklahoma City, US: Prediction = no_fire, Confidence = 0.965
2025-03-01 22:38:51,461 - INFO - Processing location: Portland, US
2025-03-01 22:38:51,461 - INFO - Fetching satellite data for Portland, US...
2025-03-01 22:38:51,461 - INFO - Time period - Today: 2025-02-28, PrevWeek: 2025-02-14, PrevMonth: 2025-01-14
2025-03-01 22:38:51,462 - INFO - Defined city area from bounding box.
2025-03-01 22:38:51,464 - INFO - Fetched and normalized NDVI dataset.
2025-03-01 22:38:51,466 - INFO - Fetched LST dataset.
2025-03-01 22:38:51,468 - INFO - Fetched Burned Area dataset.
2025-03-01 22:38:51,468 - INFO - Computing mean values for NDVI, LST, and Burned Area...
2025-03-01 22:38:52,579 - INFO - Computed means - NDVI: 0.4388982362498887, LST: 13042.178017990775, Burned Area: 4.256530601784508
2025-03-01 22:38:52,580 - INFO - Predicting wildfire risk...
2025-03-01 22:38:52,774 - INFO - Prediction: no_fire, Probability: 0.955
2025-03-01 22:38:52,775 - INFO - Result for Portland, US: Prediction = no_fire, Confidence = 0.955
2025-03-01 22:38:52,775 - INFO - Processing location: Las Vegas, US
2025-03-01 22:38:52,776 - INFO - Fetching satellite data for Las Vegas, US...
2025-03-01 22:38:52,777 - INFO - Time period - Today: 2025-02-28, PrevWeek: 2025-02-14, PrevMonth: 2025-01-14
2025-03-01 22:38:52,778 - INFO - Defined city area from bounding box.
2025-03-01 22:38:52,781 - INFO - Fetched and normalized NDVI dataset.
2025-03-01 22:38:52,783 - INFO - Fetched LST dataset.
2025-03-01 22:38:52,785 - INFO - Fetched Burned Area dataset.
2025-03-01 22:38:52,786 - INFO - Computing mean values for NDVI, LST, and Burned Area...
2025-03-01 22:38:55,328 - INFO - Computed means - NDVI: 0.13462620830187916, LST: 14551.299613778061, Burned Area: 4.976748370781067
2025-03-01 22:38:55,328 - INFO - Predicting wildfire risk...
2025-03-01 22:38:55,527 - INFO - Prediction: no_fire, Probability: 0.515
2025-03-01 22:38:55,527 - INFO - Result for Las Vegas, US: Prediction = no_fire, Confidence = 0.515
2025-03-01 22:38:55,528 - INFO - Processing location: Memphis, US
2025-03-01 22:38:55,528 - INFO - Fetching satellite data for Memphis, US...
2025-03-01 22:38:55,529 - INFO - Time period - Today: 2025-02-28, PrevWeek: 2025-02-14, PrevMonth: 2025-01-14
2025-03-01 22:38:55,530 - INFO - Defined city area from bounding box.
2025-03-01 22:38:55,535 - INFO - Fetched and normalized NDVI dataset.
2025-03-01 22:38:55,536 - INFO - Fetched LST dataset.
2025-03-01 22:38:55,539 - INFO - Fetched Burned Area dataset.
2025-03-01 22:38:55,539 - INFO - Computing mean values for NDVI, LST, and Burned Area...
2025-03-01 22:38:58,643 - INFO - Computed means - NDVI: 0.32527966457158736, LST: 13949.9714309, Burned Area: 4.356362332152272
2025-03-01 22:38:58,644 - INFO - Predicting wildfire risk...
2025-03-01 22:38:58,841 - INFO - Prediction: no_fire, Probability: 0.985
2025-03-01 22:38:58,841 - INFO - Result for Memphis, US: Prediction = no_fire, Confidence = 0.985
2025-03-01 22:38:58,842 - INFO - Processing location: Louisville, US
2025-03-01 22:38:58,843 - INFO - Fetching satellite data for Louisville, US...
2025-03-01 22:38:58,843 - INFO - Time period - Today: 2025-02-28, PrevWeek: 2025-02-14, PrevMonth: 2025-01-14
2025-03-01 22:38:58,844 - INFO - Defined city area from bounding box.
2025-03-01 22:38:58,848 - INFO - Fetched and normalized NDVI dataset.
2025-03-01 22:38:58,850 - INFO - Fetched LST dataset.
2025-03-01 22:38:58,852 - INFO - Fetched Burned Area dataset.
2025-03-01 22:38:58,853 - INFO - Computing mean values for NDVI, LST, and Burned Area...
2025-03-01 22:39:01,254 - INFO - Computed means - NDVI: 0.36763893440017853, LST: 13721.55514352721, Burned Area: 4.265564194619929
2025-03-01 22:39:01,255 - INFO - Predicting wildfire risk...
2025-03-01 22:39:01,438 - INFO - Prediction: no_fire, Probability: 0.99
2025-03-01 22:39:01,439 - INFO - Result for Louisville, US: Prediction = no_fire, Confidence = 0.99
2025-03-01 22:39:01,440 - INFO - Processing location: Baltimore, US
2025-03-01 22:39:01,440 - INFO - Fetching satellite data for Baltimore, US...
2025-03-01 22:39:01,441 - ERROR - Error for Baltimore, US: City coordinates not found
2025-03-01 22:39:01,441 - INFO - Fire prediction process completed.
2025-03-01 22:49:01,522 - INFO - Starting fire prediction process...
2025-03-01 22:49:01,534 - INFO - Authenticating Google Earth Engine...
2025-03-01 22:49:03,641 - INFO - Google Earth Engine initialized.
2025-03-01 22:49:03,657 - INFO - Processing location: New York, US
2025-03-01 22:49:03,659 - INFO - Fetching satellite data for New York, US...
2025-03-01 22:49:03,660 - INFO - Time period - Today: 2025-02-28, PrevWeek: 2025-02-14, PrevMonth: 2025-01-14
2025-03-01 22:49:03,667 - INFO - Defined city area from bounding box.
2025-03-01 22:49:03,681 - INFO - Fetched and normalized NDVI dataset.
2025-03-01 22:49:03,684 - INFO - Fetched LST dataset.
2025-03-01 22:49:03,687 - INFO - Fetched Burned Area dataset.
2025-03-01 22:49:03,688 - INFO - Computing mean values for NDVI, LST, and Burned Area...
2025-03-01 22:49:06,064 - INFO - Computed means - NDVI: 0.1500700786795572, LST: 13785.374027643395, Burned Area: 4.078786888115593
2025-03-01 22:49:06,065 - INFO - Predicting wildfire risk...
2025-03-01 22:49:06,392 - INFO - Prediction: no_fire, Probability: 0.995
2025-03-01 22:49:06,393 - INFO - Result for New York, US: Prediction = no_fire, Confidence = 0.995
2025-03-01 22:49:06,393 - INFO - Processing location: Los Angeles, US
2025-03-01 22:49:06,394 - INFO - Fetching satellite data for Los Angeles, US...
2025-03-01 22:49:06,395 - INFO - Time period - Today: 2025-02-28, PrevWeek: 2025-02-14, PrevMonth: 2025-01-14
2025-03-01 22:49:06,398 - INFO - Defined city area from bounding box.
2025-03-01 22:49:06,406 - INFO - Fetched and normalized NDVI dataset.
2025-03-01 22:49:06,411 - INFO - Fetched LST dataset.
2025-03-01 22:49:06,415 - INFO - Fetched Burned Area dataset.
2025-03-01 22:49:06,416 - INFO - Computing mean values for NDVI, LST, and Burned Area...
2025-03-01 22:49:08,691 - INFO - Computed means - NDVI: 0.29801090945058645, LST: 14711.994441083532, Burned Area: 4.3244880161187815
2025-03-01 22:49:08,692 - INFO - Predicting wildfire risk...
2025-03-01 22:49:08,966 - INFO - Prediction: no_fire, Probability: 0.585
2025-03-01 22:49:08,966 - INFO - Result for Los Angeles, US: Prediction = no_fire, Confidence = 0.585
2025-03-01 22:49:08,967 - INFO - Processing location: Houston, US
2025-03-01 22:49:08,968 - INFO - Fetching satellite data for Houston, US...
2025-03-01 22:49:08,969 - INFO - Time period - Today: 2025-02-28, PrevWeek: 2025-02-14, PrevMonth: 2025-01-14
2025-03-01 22:49:08,970 - INFO - Defined city area from bounding box.
2025-03-01 22:49:08,975 - INFO - Fetched and normalized NDVI dataset.
2025-03-01 22:49:08,977 - INFO - Fetched LST dataset.
2025-03-01 22:49:08,980 - INFO - Fetched Burned Area dataset.
2025-03-01 22:49:08,981 - INFO - Computing mean values for NDVI, LST, and Burned Area...
2025-03-01 22:49:10,245 - INFO - Computed means - NDVI: 0.39124654663405, LST: 14323.195886972355, Burned Area: 4.895820910010707
2025-03-01 22:49:10,247 - INFO - Predicting wildfire risk...
2025-03-01 22:49:10,558 - INFO - Prediction: no_fire, Probability: 0.64
2025-03-01 22:49:10,562 - INFO - Result for Houston, US: Prediction = no_fire, Confidence = 0.64
2025-03-01 22:49:10,562 - INFO - Processing location: Phoenix, US
2025-03-01 22:49:10,564 - INFO - Fetching satellite data for Phoenix, US...
2025-03-01 22:49:10,565 - INFO - Time period - Today: 2025-02-28, PrevWeek: 2025-02-14, PrevMonth: 2025-01-14
2025-03-01 22:49:10,567 - INFO - Defined city area from bounding box.
2025-03-01 22:49:10,573 - INFO - Fetched and normalized NDVI dataset.
2025-03-01 22:49:10,576 - INFO - Fetched LST dataset.
2025-03-01 22:49:10,579 - INFO - Fetched Burned Area dataset.
2025-03-01 22:49:10,580 - INFO - Computing mean values for NDVI, LST, and Burned Area...
2025-03-01 22:49:13,839 - INFO - Computed means - NDVI: 0.16934841388039687, LST: 14901.55184488169, Burned Area: 4.691328407681994
2025-03-01 22:49:13,840 - INFO - Predicting wildfire risk...
2025-03-01 22:49:14,229 - INFO - Prediction: no_fire, Probability: 0.52
2025-03-01 22:49:14,230 - INFO - Result for Phoenix, US: Prediction = no_fire, Confidence = 0.52
2025-03-01 22:49:14,231 - INFO - Processing location: Philadelphia, US
2025-03-01 22:49:14,232 - INFO - Fetching satellite data for Philadelphia, US...
2025-03-01 22:49:14,233 - INFO - Time period - Today: 2025-02-28, PrevWeek: 2025-02-14, PrevMonth: 2025-01-14
2025-03-01 22:49:14,235 - INFO - Defined city area from bounding box.
2025-03-01 22:49:14,245 - INFO - Fetched and normalized NDVI dataset.
2025-03-01 22:49:14,250 - INFO - Fetched LST dataset.
2025-03-01 22:49:14,259 - INFO - Fetched Burned Area dataset.
2025-03-01 22:49:14,261 - INFO - Computing mean values for NDVI, LST, and Burned Area...
2025-03-01 22:49:17,470 - INFO - Computed means - NDVI: 0.23216984343851657, LST: 13893.686055484479, Burned Area: 4.461289218071381
2025-03-01 22:49:17,471 - INFO - Predicting wildfire risk...
2025-03-01 22:49:17,739 - INFO - Prediction: no_fire, Probability: 1.0
2025-03-01 22:49:17,741 - INFO - Result for Philadelphia, US: Prediction = no_fire, Confidence = 1.0
2025-03-01 22:49:17,741 - INFO - Processing location: San Antonio, US
2025-03-01 22:49:17,742 - INFO - Fetching satellite data for San Antonio, US...
2025-03-01 22:49:17,743 - INFO - Time period - Today: 2025-02-28, PrevWeek: 2025-02-14, PrevMonth: 2025-01-14
2025-03-01 22:49:17,745 - INFO - Defined city area from bounding box.
2025-03-01 22:49:17,751 - INFO - Fetched and normalized NDVI dataset.
2025-03-01 22:49:17,755 - INFO - Fetched LST dataset.
2025-03-01 22:49:17,758 - INFO - Fetched Burned Area dataset.
2025-03-01 22:49:17,759 - INFO - Computing mean values for NDVI, LST, and Burned Area...
2025-03-01 22:49:20,042 - INFO - Computed means - NDVI: 0.35681875772818145, LST: 14486.842007868358, Burned Area: 4.804170826662423
2025-03-01 22:49:20,043 - INFO - Predicting wildfire risk...
2025-03-01 22:49:20,273 - INFO - Prediction: no_fire, Probability: 0.74
2025-03-01 22:49:20,274 - INFO - Result for San Antonio, US: Prediction = no_fire, Confidence = 0.74
2025-03-01 22:49:20,275 - INFO - Processing location: San Diego, US
2025-03-01 22:49:20,275 - INFO - Fetching satellite data for San Diego, US...
2025-03-01 22:49:20,276 - INFO - Time period - Today: 2025-02-28, PrevWeek: 2025-02-14, PrevMonth: 2025-01-14
2025-03-01 22:49:20,277 - INFO - Defined city area from bounding box.
2025-03-01 22:49:20,281 - INFO - Fetched and normalized NDVI dataset.
2025-03-01 22:49:20,285 - INFO - Fetched LST dataset.
2025-03-01 22:49:20,288 - INFO - Fetched Burned Area dataset.
2025-03-01 22:49:20,289 - INFO - Computing mean values for NDVI, LST, and Burned Area...
2025-03-01 22:49:22,534 - INFO - Computed means - NDVI: 0.3091370738519192, LST: 14664.665761676853, Burned Area: 4.507940949075142
2025-03-01 22:49:22,535 - INFO - Predicting wildfire risk...
2025-03-01 22:49:22,804 - INFO - Prediction: no_fire, Probability: 0.755
2025-03-01 22:49:22,805 - INFO - Result for San Diego, US: Prediction = no_fire, Confidence = 0.755
2025-03-01 22:49:22,806 - INFO - Processing location: Dallas, US
2025-03-01 22:49:22,806 - INFO - Fetching satellite data for Dallas, US...
2025-03-01 22:49:22,807 - INFO - Time period - Today: 2025-02-28, PrevWeek: 2025-02-14, PrevMonth: 2025-01-14
2025-03-01 22:49:22,809 - INFO - Defined city area from bounding box.
2025-03-01 22:49:22,814 - INFO - Fetched and normalized NDVI dataset.
2025-03-01 22:49:22,818 - INFO - Fetched LST dataset.
2025-03-01 22:49:22,860 - INFO - Fetched Burned Area dataset.
2025-03-01 22:49:22,902 - INFO - Computing mean values for NDVI, LST, and Burned Area...
2025-03-01 22:49:27,043 - INFO - Computed means - NDVI: 0.30580121835659096, LST: 14170.91471425917, Burned Area: 4.7234155899294565
2025-03-01 22:49:27,044 - INFO - Predicting wildfire risk...
2025-03-01 22:49:27,252 - INFO - Prediction: no_fire, Probability: 0.985
2025-03-01 22:49:27,253 - INFO - Result for Dallas, US: Prediction = no_fire, Confidence = 0.985
2025-03-01 22:49:27,254 - INFO - Processing location: San Jose, US
2025-03-01 22:49:27,255 - INFO - Fetching satellite data for San Jose, US...
2025-03-01 22:49:27,255 - INFO - Time period - Today: 2025-02-28, PrevWeek: 2025-02-14, PrevMonth: 2025-01-14
2025-03-01 22:49:27,256 - INFO - Defined city area from bounding box.
2025-03-01 22:49:27,261 - INFO - Fetched and normalized NDVI dataset.
2025-03-01 22:49:27,263 - INFO - Fetched LST dataset.
2025-03-01 22:49:27,266 - INFO - Fetched Burned Area dataset.
2025-03-01 22:49:27,267 - INFO - Computing mean values for NDVI, LST, and Burned Area...
2025-03-01 22:49:29,489 - INFO - Computed means - NDVI: 0.49958977050565917, LST: 14425.809820066957, Burned Area: 4.840425531914892
2025-03-01 22:49:29,490 - INFO - Predicting wildfire risk...
2025-03-01 22:49:29,694 - INFO - Prediction: no_fire, Probability: 0.575
2025-03-01 22:49:29,695 - INFO - Result for San Jose, US: Prediction = no_fire, Confidence = 0.575
2025-03-01 22:49:29,696 - INFO - Processing location: Austin, US
2025-03-01 22:49:29,696 - INFO - Fetching satellite data for Austin, US...
2025-03-01 22:49:29,697 - INFO - Time period - Today: 2025-02-28, PrevWeek: 2025-02-14, PrevMonth: 2025-01-14
2025-03-01 22:49:29,698 - INFO - Defined city area from bounding box.
2025-03-01 22:49:29,703 - INFO - Fetched and normalized NDVI dataset.
2025-03-01 22:49:29,705 - INFO - Fetched LST dataset.
2025-03-01 22:49:29,708 - INFO - Fetched Burned Area dataset.
2025-03-01 22:49:29,709 - INFO - Computing mean values for NDVI, LST, and Burned Area...
2025-03-01 22:49:33,980 - INFO - Computed means - NDVI: 0.39995393631375936, LST: 14354.055735581207, Burned Area: 4.908299390229197
2025-03-01 22:49:33,981 - INFO - Predicting wildfire risk...
2025-03-01 22:49:34,665 - INFO - Prediction: no_fire, Probability: 0.55
2025-03-01 22:49:34,666 - INFO - Result for Austin, US: Prediction = no_fire, Confidence = 0.55
2025-03-01 22:49:34,666 - INFO - Processing location: Jacksonville, US
2025-03-01 22:49:34,667 - INFO - Fetching satellite data for Jacksonville, US...
2025-03-01 22:49:34,668 - INFO - Time period - Today: 2025-02-28, PrevWeek: 2025-02-14, PrevMonth: 2025-01-14
2025-03-01 22:49:34,669 - INFO - Defined city area from bounding box.
2025-03-01 22:49:34,675 - INFO - Fetched and normalized NDVI dataset.
2025-03-01 22:49:34,678 - INFO - Fetched LST dataset.
2025-03-01 22:49:34,681 - INFO - Fetched Burned Area dataset.
2025-03-01 22:49:34,682 - INFO - Computing mean values for NDVI, LST, and Burned Area...
2025-03-01 22:49:36,927 - INFO - Computed means - NDVI: 0.5413136910585513, LST: 14414.415749122496, Burned Area: 4.543217232143328
2025-03-01 22:49:36,929 - INFO - Predicting wildfire risk...
2025-03-01 22:49:37,237 - INFO - Prediction: no_fire, Probability: 0.675
2025-03-01 22:49:37,239 - INFO - Result for Jacksonville, US: Prediction = no_fire, Confidence = 0.675
2025-03-01 22:49:37,240 - INFO - Processing location: Fort Worth, US
2025-03-01 22:49:37,240 - INFO - Fetching satellite data for Fort Worth, US...
2025-03-01 22:49:37,241 - INFO - Time period - Today: 2025-02-28, PrevWeek: 2025-02-14, PrevMonth: 2025-01-14
2025-03-01 22:49:37,243 - INFO - Defined city area from bounding box.
2025-03-01 22:49:37,248 - INFO - Fetched and normalized NDVI dataset.
2025-03-01 22:49:37,251 - INFO - Fetched LST dataset.
2025-03-01 22:49:37,255 - INFO - Fetched Burned Area dataset.
2025-03-01 22:49:37,256 - INFO - Computing mean values for NDVI, LST, and Burned Area...
2025-03-01 22:49:41,581 - INFO - Computed means - NDVI: 0.3143145474633584, LST: 14282.123771963274, Burned Area: 4.700522735165252
2025-03-01 22:49:41,582 - INFO - Predicting wildfire risk...
2025-03-01 22:49:41,907 - INFO - Prediction: no_fire, Probability: 0.86
2025-03-01 22:49:41,910 - INFO - Result for Fort Worth, US: Prediction = no_fire, Confidence = 0.86
2025-03-01 22:49:41,910 - INFO - Processing location: Columbus, US
2025-03-01 22:49:41,911 - INFO - Fetching satellite data for Columbus, US...
2025-03-01 22:49:41,912 - INFO - Time period - Today: 2025-02-28, PrevWeek: 2025-02-14, PrevMonth: 2025-01-14
2025-03-01 22:49:41,914 - INFO - Defined city area from bounding box.
2025-03-01 22:49:41,924 - INFO - Fetched and normalized NDVI dataset.
2025-03-01 22:49:41,947 - INFO - Fetched LST dataset.
2025-03-01 22:49:41,957 - INFO - Fetched Burned Area dataset.
2025-03-01 22:49:41,962 - INFO - Computing mean values for NDVI, LST, and Burned Area...
2025-03-01 22:49:43,007 - INFO - Computed means - NDVI: 0.17311021932129453, LST: 13427.929965370906, Burned Area: 4.198467896464816
2025-03-01 22:49:43,008 - INFO - Predicting wildfire risk...
2025-03-01 22:49:43,204 - INFO - Prediction: no_fire, Probability: 0.995
2025-03-01 22:49:43,205 - INFO - Result for Columbus, US: Prediction = no_fire, Confidence = 0.995
2025-03-01 22:49:43,205 - INFO - Processing location: Charlotte, US
2025-03-01 22:49:43,206 - INFO - Fetching satellite data for Charlotte, US...
2025-03-01 22:49:43,207 - INFO - Time period - Today: 2025-02-28, PrevWeek: 2025-02-14, PrevMonth: 2025-01-14
2025-03-01 22:49:43,208 - INFO - Defined city area from bounding box.
2025-03-01 22:49:43,212 - INFO - Fetched and normalized NDVI dataset.
2025-03-01 22:49:43,214 - INFO - Fetched LST dataset.
2025-03-01 22:49:43,216 - INFO - Fetched Burned Area dataset.
2025-03-01 22:49:43,217 - INFO - Computing mean values for NDVI, LST, and Burned Area...
2025-03-01 22:49:45,487 - INFO - Computed means - NDVI: 0.4152620714293872, LST: 14130.979729267885, Burned Area: 4.640496885255298
2025-03-01 22:49:45,488 - INFO - Predicting wildfire risk...
2025-03-01 22:49:45,858 - INFO - Prediction: no_fire, Probability: 1.0
2025-03-01 22:49:45,859 - INFO - Result for Charlotte, US: Prediction = no_fire, Confidence = 1.0
2025-03-01 22:49:45,860 - INFO - Processing location: San Francisco, US
2025-03-01 22:49:45,861 - INFO - Fetching satellite data for San Francisco, US...
2025-03-01 22:49:45,862 - INFO - Time period - Today: 2025-02-28, PrevWeek: 2025-02-14, PrevMonth: 2025-01-14
2025-03-01 22:49:45,863 - INFO - Defined city area from bounding box.
2025-03-01 22:49:45,869 - INFO - Fetched and normalized NDVI dataset.
2025-03-01 22:49:45,872 - INFO - Fetched LST dataset.
2025-03-01 22:49:45,876 - INFO - Fetched Burned Area dataset.
2025-03-01 22:49:45,877 - INFO - Computing mean values for NDVI, LST, and Burned Area...
2025-03-01 22:49:48,128 - INFO - Computed means - NDVI: 0.4247240564636009, LST: 14282.081383779314, Burned Area: 3.3901160356407365
2025-03-01 22:49:48,128 - INFO - Predicting wildfire risk...
2025-03-01 22:49:48,363 - INFO - Prediction: no_fire, Probability: 0.895
2025-03-01 22:49:48,364 - INFO - Result for San Francisco, US: Prediction = no_fire, Confidence = 0.895
2025-03-01 22:49:48,364 - INFO - Processing location: Indianapolis, US
2025-03-01 22:49:48,365 - INFO - Fetching satellite data for Indianapolis, US...
2025-03-01 22:49:48,366 - INFO - Time period - Today: 2025-02-28, PrevWeek: 2025-02-14, PrevMonth: 2025-01-14
2025-03-01 22:49:48,367 - INFO - Defined city area from bounding box.
2025-03-01 22:49:48,371 - INFO - Fetched and normalized NDVI dataset.
2025-03-01 22:49:48,374 - INFO - Fetched LST dataset.
2025-03-01 22:49:48,377 - INFO - Fetched Burned Area dataset.
2025-03-01 22:49:48,377 - INFO - Computing mean values for NDVI, LST, and Burned Area...
2025-03-01 22:49:51,551 - INFO - Computed means - NDVI: 0.19638822304209666, LST: 13360.544135409053, Burned Area: 4.196179859237634
2025-03-01 22:49:51,552 - INFO - Predicting wildfire risk...
2025-03-01 22:49:51,776 - INFO - Prediction: no_fire, Probability: 0.995
2025-03-01 22:49:51,777 - INFO - Result for Indianapolis, US: Prediction = no_fire, Confidence = 0.995
2025-03-01 22:49:51,777 - INFO - Processing location: Seattle, US
2025-03-01 22:49:51,778 - INFO - Fetching satellite data for Seattle, US...
2025-03-01 22:49:51,779 - INFO - Time period - Today: 2025-02-28, PrevWeek: 2025-02-14, PrevMonth: 2025-01-14
2025-03-01 22:49:51,780 - INFO - Defined city area from bounding box.
2025-03-01 22:49:51,785 - INFO - Fetched and normalized NDVI dataset.
2025-03-01 22:49:51,787 - INFO - Fetched LST dataset.
2025-03-01 22:49:51,790 - INFO - Fetched Burned Area dataset.
2025-03-01 22:49:51,791 - INFO - Computing mean values for NDVI, LST, and Burned Area...
2025-03-01 22:49:54,074 - INFO - Computed means - NDVI: 0.42700163528980567, LST: 13809.592556317335, Burned Area: 3.9475111443276423
2025-03-01 22:49:54,075 - INFO - Predicting wildfire risk...
2025-03-01 22:49:54,392 - INFO - Prediction: no_fire, Probability: 0.99
2025-03-01 22:49:54,393 - INFO - Result for Seattle, US: Prediction = no_fire, Confidence = 0.99
2025-03-01 22:49:54,394 - INFO - Processing location: Denver, US
2025-03-01 22:49:54,395 - INFO - Fetching satellite data for Denver, US...
2025-03-01 22:49:54,395 - INFO - Time period - Today: 2025-02-28, PrevWeek: 2025-02-14, PrevMonth: 2025-01-14
2025-03-01 22:49:54,397 - INFO - Defined city area from bounding box.
2025-03-01 22:49:54,402 - INFO - Fetched and normalized NDVI dataset.
2025-03-01 22:49:54,406 - INFO - Fetched LST dataset.
2025-03-01 22:49:54,411 - INFO - Fetched Burned Area dataset.
2025-03-01 22:49:54,412 - INFO - Computing mean values for NDVI, LST, and Burned Area...
2025-03-01 22:49:56,494 - INFO - Computed means - NDVI: 0.14905126121387688, LST: 13943.510927524054, Burned Area: 4.120695883167043
2025-03-01 22:49:56,495 - INFO - Predicting wildfire risk...
2025-03-01 22:49:56,716 - INFO - Prediction: no_fire, Probability: 0.995
2025-03-01 22:49:56,717 - INFO - Result for Denver, US: Prediction = no_fire, Confidence = 0.995
2025-03-01 22:49:56,718 - INFO - Processing location: Washington, US
2025-03-01 22:49:56,718 - INFO - Fetching satellite data for Washington, US...
2025-03-01 22:49:56,719 - INFO - Time period - Today: 2025-02-28, PrevWeek: 2025-02-14, PrevMonth: 2025-01-14
2025-03-01 22:49:56,720 - INFO - Defined city area from bounding box.
2025-03-01 22:49:56,724 - INFO - Fetched and normalized NDVI dataset.
2025-03-01 22:49:56,726 - INFO - Fetched LST dataset.
2025-03-01 22:49:56,729 - INFO - Fetched Burned Area dataset.
2025-03-01 22:49:56,730 - INFO - Computing mean values for NDVI, LST, and Burned Area...
2025-03-01 22:49:57,947 - INFO - Computed means - NDVI: 0.27230647157592797, LST: 13941.833565651692, Burned Area: 4.503750367971693
2025-03-01 22:49:57,948 - INFO - Predicting wildfire risk...
2025-03-01 22:49:58,219 - INFO - Prediction: no_fire, Probability: 1.0
2025-03-01 22:49:58,221 - INFO - Result for Washington, US: Prediction = no_fire, Confidence = 1.0
2025-03-01 22:49:58,221 - INFO - Processing location: Boston, US
2025-03-01 22:49:58,222 - INFO - Fetching satellite data for Boston, US...
2025-03-01 22:49:58,223 - INFO - Time period - Today: 2025-02-28, PrevWeek: 2025-02-14, PrevMonth: 2025-01-14
2025-03-01 22:49:58,225 - INFO - Defined city area from bounding box.
2025-03-01 22:49:58,231 - INFO - Fetched and normalized NDVI dataset.
2025-03-01 22:49:58,234 - INFO - Fetched LST dataset.
2025-03-01 22:49:58,238 - INFO - Fetched Burned Area dataset.
2025-03-01 22:49:58,238 - INFO - Computing mean values for NDVI, LST, and Burned Area...
2025-03-01 22:50:00,402 - INFO - Computed means - NDVI: 0.25194310516728186, LST: 13594.304640470938, Burned Area: 3.9710398942202603
2025-03-01 22:50:00,403 - INFO - Predicting wildfire risk...
2025-03-01 22:50:00,617 - INFO - Prediction: no_fire, Probability: 1.0
2025-03-01 22:50:00,618 - INFO - Result for Boston, US: Prediction = no_fire, Confidence = 1.0
2025-03-01 22:50:00,618 - INFO - Processing location: El Paso, US
2025-03-01 22:50:00,619 - INFO - Fetching satellite data for El Paso, US...
2025-03-01 22:50:00,620 - INFO - Time period - Today: 2025-02-28, PrevWeek: 2025-02-14, PrevMonth: 2025-01-14
2025-03-01 22:50:00,621 - INFO - Defined city area from bounding box.
2025-03-01 22:50:00,625 - INFO - Fetched and normalized NDVI dataset.
2025-03-01 22:50:00,629 - INFO - Fetched LST dataset.
2025-03-01 22:50:00,631 - INFO - Fetched Burned Area dataset.
2025-03-01 22:50:00,632 - INFO - Computing mean values for NDVI, LST, and Burned Area...
2025-03-01 22:50:02,829 - INFO - Computed means - NDVI: 0.1188714903580041, LST: 14622.801121918399, Burned Area: 4.820376577268222
2025-03-01 22:50:02,830 - INFO - Predicting wildfire risk...
2025-03-01 22:50:03,112 - INFO - Prediction: no_fire, Probability: 0.695
2025-03-01 22:50:03,113 - INFO - Result for El Paso, US: Prediction = no_fire, Confidence = 0.695
2025-03-01 22:50:03,114 - INFO - Processing location: Nashville, US
2025-03-01 22:50:03,115 - INFO - Fetching satellite data for Nashville, US...
2025-03-01 22:50:03,116 - INFO - Time period - Today: 2025-02-28, PrevWeek: 2025-02-14, PrevMonth: 2025-01-14
2025-03-01 22:50:03,118 - INFO - Defined city area from bounding box.
2025-03-01 22:50:03,124 - INFO - Fetched and normalized NDVI dataset.
2025-03-01 22:50:03,127 - INFO - Fetched LST dataset.
2025-03-01 22:50:03,130 - INFO - Fetched Burned Area dataset.
2025-03-01 22:50:03,131 - INFO - Computing mean values for NDVI, LST, and Burned Area...
2025-03-01 22:50:05,460 - INFO - Computed means - NDVI: 0.40753042867184186, LST: 13854.426397137335, Burned Area: 4.509410899031498
2025-03-01 22:50:05,461 - INFO - Predicting wildfire risk...
2025-03-01 22:50:05,774 - INFO - Prediction: no_fire, Probability: 1.0
2025-03-01 22:50:05,776 - INFO - Result for Nashville, US: Prediction = no_fire, Confidence = 1.0
2025-03-01 22:50:05,776 - INFO - Processing location: Detroit, US
2025-03-01 22:50:05,777 - INFO - Fetching satellite data for Detroit, US...
2025-03-01 22:50:05,778 - INFO - Time period - Today: 2025-02-28, PrevWeek: 2025-02-14, PrevMonth: 2025-01-14
2025-03-01 22:50:05,779 - INFO - Defined city area from bounding box.
2025-03-01 22:50:05,784 - INFO - Fetched and normalized NDVI dataset.
2025-03-01 22:50:05,787 - INFO - Fetched LST dataset.
2025-03-01 22:50:05,789 - INFO - Fetched Burned Area dataset.
2025-03-01 22:50:05,790 - INFO - Computing mean values for NDVI, LST, and Burned Area...
2025-03-01 22:50:08,036 - INFO - Computed means - NDVI: 0.0974409285212056, LST: 13148.428207972198, Burned Area: 3.9977990488438526
2025-03-01 22:50:08,037 - INFO - Predicting wildfire risk...
2025-03-01 22:50:08,258 - INFO - Prediction: no_fire, Probability: 1.0
2025-03-01 22:50:08,260 - INFO - Result for Detroit, US: Prediction = no_fire, Confidence = 1.0
2025-03-01 22:50:08,261 - INFO - Processing location: Oklahoma City, US
2025-03-01 22:50:08,262 - INFO - Fetching satellite data for Oklahoma City, US...
2025-03-01 22:50:08,263 - INFO - Time period - Today: 2025-02-28, PrevWeek: 2025-02-14, PrevMonth: 2025-01-14
2025-03-01 22:50:08,264 - INFO - Defined city area from bounding box.
2025-03-01 22:50:08,268 - INFO - Fetched and normalized NDVI dataset.
2025-03-01 22:50:08,271 - INFO - Fetched LST dataset.
2025-03-01 22:50:08,274 - INFO - Fetched Burned Area dataset.
2025-03-01 22:50:08,275 - INFO - Computing mean values for NDVI, LST, and Burned Area...
2025-03-01 22:50:09,441 - INFO - Computed means - NDVI: 0.29859367130367137, LST: 14207.253397661385, Burned Area: 4.696697044306032
2025-03-01 22:50:09,442 - INFO - Predicting wildfire risk...
2025-03-01 22:50:09,696 - INFO - Prediction: no_fire, Probability: 0.965
2025-03-01 22:50:09,697 - INFO - Result for Oklahoma City, US: Prediction = no_fire, Confidence = 0.965
2025-03-01 22:50:09,698 - INFO - Processing location: Portland, US
2025-03-01 22:50:09,698 - INFO - Fetching satellite data for Portland, US...
2025-03-01 22:50:09,699 - INFO - Time period - Today: 2025-02-28, PrevWeek: 2025-02-14, PrevMonth: 2025-01-14
2025-03-01 22:50:09,700 - INFO - Defined city area from bounding box.
2025-03-01 22:50:09,704 - INFO - Fetched and normalized NDVI dataset.
2025-03-01 22:50:09,708 - INFO - Fetched LST dataset.
2025-03-01 22:50:09,712 - INFO - Fetched Burned Area dataset.
2025-03-01 22:50:09,712 - INFO - Computing mean values for NDVI, LST, and Burned Area...
2025-03-01 22:50:10,877 - INFO - Computed means - NDVI: 0.4388982362498887, LST: 13042.178017990775, Burned Area: 4.256530601784508
2025-03-01 22:50:10,878 - INFO - Predicting wildfire risk...
2025-03-01 22:50:11,124 - INFO - Prediction: no_fire, Probability: 0.955
2025-03-01 22:50:11,125 - INFO - Result for Portland, US: Prediction = no_fire, Confidence = 0.955
2025-03-01 22:50:11,126 - INFO - Processing location: Las Vegas, US
2025-03-01 22:50:11,127 - INFO - Fetching satellite data for Las Vegas, US...
2025-03-01 22:50:11,127 - INFO - Time period - Today: 2025-02-28, PrevWeek: 2025-02-14, PrevMonth: 2025-01-14
2025-03-01 22:50:11,128 - INFO - Defined city area from bounding box.
2025-03-01 22:50:11,134 - INFO - Fetched and normalized NDVI dataset.
2025-03-01 22:50:11,137 - INFO - Fetched LST dataset.
2025-03-01 22:50:11,140 - INFO - Fetched Burned Area dataset.
2025-03-01 22:50:11,141 - INFO - Computing mean values for NDVI, LST, and Burned Area...
2025-03-01 22:50:13,299 - INFO - Computed means - NDVI: 0.13462620830187916, LST: 14551.299613778061, Burned Area: 4.976748370781067
2025-03-01 22:50:13,301 - INFO - Predicting wildfire risk...
2025-03-01 22:50:13,889 - INFO - Prediction: no_fire, Probability: 0.515
2025-03-01 22:50:13,890 - INFO - Result for Las Vegas, US: Prediction = no_fire, Confidence = 0.515
2025-03-01 22:50:13,890 - INFO - Processing location: Memphis, US
2025-03-01 22:50:13,892 - INFO - Fetching satellite data for Memphis, US...
2025-03-01 22:50:13,892 - INFO - Time period - Today: 2025-02-28, PrevWeek: 2025-02-14, PrevMonth: 2025-01-14
2025-03-01 22:50:13,893 - INFO - Defined city area from bounding box.
2025-03-01 22:50:13,897 - INFO - Fetched and normalized NDVI dataset.
2025-03-01 22:50:13,901 - INFO - Fetched LST dataset.
2025-03-01 22:50:13,904 - INFO - Fetched Burned Area dataset.
2025-03-01 22:50:13,904 - INFO - Computing mean values for NDVI, LST, and Burned Area...
2025-03-01 22:50:16,029 - INFO - Computed means - NDVI: 0.32527966457158736, LST: 13949.9714309, Burned Area: 4.356362332152272
2025-03-01 22:50:16,030 - INFO - Predicting wildfire risk...
2025-03-01 22:50:16,275 - INFO - Prediction: no_fire, Probability: 0.985
2025-03-01 22:50:16,276 - INFO - Result for Memphis, US: Prediction = no_fire, Confidence = 0.985
2025-03-01 22:50:16,276 - INFO - Processing location: Louisville, US
2025-03-01 22:50:16,277 - INFO - Fetching satellite data for Louisville, US...
2025-03-01 22:50:16,277 - INFO - Time period - Today: 2025-02-28, PrevWeek: 2025-02-14, PrevMonth: 2025-01-14
2025-03-01 22:50:16,279 - INFO - Defined city area from bounding box.
2025-03-01 22:50:16,283 - INFO - Fetched and normalized NDVI dataset.
2025-03-01 22:50:16,285 - INFO - Fetched LST dataset.
2025-03-01 22:50:16,288 - INFO - Fetched Burned Area dataset.
2025-03-01 22:50:16,289 - INFO - Computing mean values for NDVI, LST, and Burned Area...
2025-03-01 22:50:18,363 - INFO - Computed means - NDVI: 0.36763893440017853, LST: 13721.55514352721, Burned Area: 4.265564194619929
2025-03-01 22:50:18,364 - INFO - Predicting wildfire risk...
2025-03-01 22:50:18,629 - INFO - Prediction: no_fire, Probability: 0.99
2025-03-01 22:50:18,630 - INFO - Result for Louisville, US: Prediction = no_fire, Confidence = 0.99
2025-03-01 22:50:18,631 - INFO - Processing location: Baltimore, US
2025-03-01 22:50:18,632 - INFO - Fetching satellite data for Baltimore, US...
2025-03-01 22:50:18,632 - ERROR - Error for Baltimore, US: City coordinates not found
2025-03-01 22:50:18,633 - INFO - Fire prediction process completed.
2025-03-01 23:00:18,796 - INFO - Starting fire prediction process...
2025-03-01 23:00:18,806 - INFO - Authenticating Google Earth Engine...
2025-03-01 23:00:20,825 - INFO - Google Earth Engine initialized.
2025-03-01 23:00:20,827 - INFO - Processing location: New York, US
2025-03-01 23:00:20,827 - INFO - Fetching satellite data for New York, US...
2025-03-01 23:00:20,828 - INFO - Time period - Today: 2025-02-28, PrevWeek: 2025-02-14, PrevMonth: 2025-01-14
2025-03-01 23:00:20,829 - INFO - Defined city area from bounding box.
2025-03-01 23:00:20,833 - INFO - Fetched and normalized NDVI dataset.
2025-03-01 23:00:20,835 - INFO - Fetched LST dataset.
2025-03-01 23:00:20,836 - INFO - Fetched Burned Area dataset.
2025-03-01 23:00:20,836 - INFO - Computing mean values for NDVI, LST, and Burned Area...
2025-03-01 23:00:23,242 - INFO - Computed means - NDVI: 0.1500700786795572, LST: 13785.374027643395, Burned Area: 4.078786888115593
2025-03-01 23:00:23,243 - INFO - Predicting wildfire risk...
2025-03-01 23:00:23,389 - INFO - Prediction: no_fire, Probability: 0.995
2025-03-01 23:00:23,390 - INFO - Result for New York, US: Prediction = no_fire, Confidence = 0.995
2025-03-01 23:00:23,390 - INFO - Processing location: Los Angeles, US
2025-03-01 23:00:23,391 - INFO - Fetching satellite data for Los Angeles, US...
2025-03-01 23:00:23,391 - INFO - Time period - Today: 2025-02-28, PrevWeek: 2025-02-14, PrevMonth: 2025-01-14
2025-03-01 23:00:23,392 - INFO - Defined city area from bounding box.
2025-03-01 23:00:23,395 - INFO - Fetched and normalized NDVI dataset.
2025-03-01 23:00:23,396 - INFO - Fetched LST dataset.
2025-03-01 23:00:23,398 - INFO - Fetched Burned Area dataset.
2025-03-01 23:00:23,398 - INFO - Computing mean values for NDVI, LST, and Burned Area...
2025-03-01 23:00:24,872 - INFO - Computed means - NDVI: 0.29801090945058645, LST: 14711.994441083532, Burned Area: 4.3244880161187815
2025-03-01 23:00:24,873 - INFO - Predicting wildfire risk...
2025-03-01 23:00:25,009 - INFO - Prediction: no_fire, Probability: 0.585
2025-03-01 23:00:25,009 - INFO - Result for Los Angeles, US: Prediction = no_fire, Confidence = 0.585
2025-03-01 23:00:25,010 - INFO - Processing location: Houston, US
2025-03-01 23:00:25,010 - INFO - Fetching satellite data for Houston, US...
2025-03-01 23:00:25,011 - INFO - Time period - Today: 2025-02-28, PrevWeek: 2025-02-14, PrevMonth: 2025-01-14
2025-03-01 23:00:25,011 - INFO - Defined city area from bounding box.
2025-03-01 23:00:25,014 - INFO - Fetched and normalized NDVI dataset.
2025-03-01 23:00:25,015 - INFO - Fetched LST dataset.
2025-03-01 23:00:25,016 - INFO - Fetched Burned Area dataset.
2025-03-01 23:00:25,017 - INFO - Computing mean values for NDVI, LST, and Burned Area...
2025-03-01 23:00:27,328 - INFO - Computed means - NDVI: 0.39124654663405, LST: 14323.195886972355, Burned Area: 4.895820910010707
2025-03-01 23:00:27,329 - INFO - Predicting wildfire risk...
2025-03-01 23:00:27,453 - INFO - Prediction: no_fire, Probability: 0.64
2025-03-01 23:00:27,453 - INFO - Result for Houston, US: Prediction = no_fire, Confidence = 0.64
2025-03-01 23:00:27,453 - INFO - Processing location: Phoenix, US
2025-03-01 23:00:27,454 - INFO - Fetching satellite data for Phoenix, US...
2025-03-01 23:00:27,454 - INFO - Time period - Today: 2025-02-28, PrevWeek: 2025-02-14, PrevMonth: 2025-01-14
2025-03-01 23:00:27,455 - INFO - Defined city area from bounding box.
2025-03-01 23:00:27,457 - INFO - Fetched and normalized NDVI dataset.
2025-03-01 23:00:27,458 - INFO - Fetched LST dataset.
2025-03-01 23:00:27,460 - INFO - Fetched Burned Area dataset.
2025-03-01 23:00:27,460 - INFO - Computing mean values for NDVI, LST, and Burned Area...
2025-03-01 23:00:30,660 - INFO - Computed means - NDVI: 0.16934841388039687, LST: 14901.55184488169, Burned Area: 4.691328407681994
2025-03-01 23:00:30,661 - INFO - Predicting wildfire risk...
2025-03-01 23:00:30,777 - INFO - Prediction: no_fire, Probability: 0.52
2025-03-01 23:00:30,778 - INFO - Result for Phoenix, US: Prediction = no_fire, Confidence = 0.52
2025-03-01 23:00:30,778 - INFO - Processing location: Philadelphia, US
2025-03-01 23:00:30,779 - INFO - Fetching satellite data for Philadelphia, US...
2025-03-01 23:00:30,779 - INFO - Time period - Today: 2025-02-28, PrevWeek: 2025-02-14, PrevMonth: 2025-01-14
2025-03-01 23:00:30,780 - INFO - Defined city area from bounding box.
2025-03-01 23:00:30,782 - INFO - Fetched and normalized NDVI dataset.
2025-03-01 23:00:30,784 - INFO - Fetched LST dataset.
2025-03-01 23:00:30,785 - INFO - Fetched Burned Area dataset.
2025-03-01 23:00:30,785 - INFO - Computing mean values for NDVI, LST, and Burned Area...
