2025-02-27 23:18:49,695 - INFO - Starting fire prediction process...
2025-02-27 23:18:49,697 - INFO - Authenticating Google Earth Engine...
2025-02-27 23:18:55,283 - INFO - Google Earth Engine initialized.
2025-02-27 23:18:55,286 - INFO - Processing location: New York, US
2025-02-27 23:18:55,286 - INFO - Fetching satellite data for New York, US...
2025-02-27 23:18:55,287 - INFO - Fetching bounds for New York, US
2025-02-27 23:18:56,395 - INFO - Bounds obtained: (40.476578, 40.91763, -74.258843, -73.700233)
2025-02-27 23:18:56,396 - INFO - Time period - Today: 2025-02-26, PrevWeek: 2025-02-12, PrevMonth: 2025-01-12
2025-02-27 23:18:56,397 - INFO - Defined city area from bounding box.
2025-02-27 23:18:56,400 - INFO - Fetched and normalized NDVI dataset.
2025-02-27 23:18:56,402 - INFO - Fetched LST dataset.
2025-02-27 23:18:56,403 - INFO - Fetched Burned Area dataset.
2025-02-27 23:18:56,403 - INFO - Computing mean values for NDVI, LST, and Burned Area...
2025-02-27 23:18:59,538 - INFO - Computed means - NDVI: 0.1500700786795572, LST: 13785.374027643395, Burned Area: 4.045500276296225
2025-02-27 23:18:59,539 - INFO - Predicting wildfire risk...
2025-02-27 23:18:59,540 - INFO - Loading model and scaler...
2025-02-27 23:19:15,719 - INFO - Model and scaler loaded.
2025-02-27 23:19:15,899 - INFO - Prediction: no_fire, Probability: 1.0
2025-02-27 23:19:15,900 - INFO - Result for New York, US: Prediction = no_fire, Confidence = 1.0
2025-02-27 23:19:15,900 - INFO - Processing location: Los Angeles, US
2025-02-27 23:19:15,900 - INFO - Fetching satellite data for Los Angeles, US...
2025-02-27 23:19:15,900 - INFO - Fetching bounds for Los Angeles, US
2025-02-27 23:19:16,482 - INFO - Bounds obtained: (33.659541, 34.337306, -118.6681798, -118.1552983)
2025-02-27 23:19:16,483 - INFO - Time period - Today: 2025-02-26, PrevWeek: 2025-02-12, PrevMonth: 2025-01-12
2025-02-27 23:19:16,483 - INFO - Defined city area from bounding box.
2025-02-27 23:19:16,485 - INFO - Fetched and normalized NDVI dataset.
2025-02-27 23:19:16,486 - INFO - Fetched LST dataset.
2025-02-27 23:19:16,487 - INFO - Fetched Burned Area dataset.
2025-02-27 23:19:16,488 - INFO - Computing mean values for NDVI, LST, and Burned Area...
2025-02-27 23:19:18,344 - INFO - Computed means - NDVI: 0.29801090945058645, LST: 14711.994441083532, Burned Area: 4.298166308075249
2025-02-27 23:19:18,344 - INFO - Predicting wildfire risk...
2025-02-27 23:19:18,471 - INFO - Prediction: no_fire, Probability: 0.555
2025-02-27 23:19:18,471 - INFO - Result for Los Angeles, US: Prediction = no_fire, Confidence = 0.555
2025-02-27 23:19:18,472 - INFO - Processing location: Houston, US
2025-02-27 23:19:18,472 - INFO - Fetching satellite data for Houston, US...
2025-02-27 23:19:18,473 - INFO - Fetching bounds for Houston, US
2025-02-27 23:19:18,701 - INFO - Bounds obtained: (29.5370705, 30.1103506, -95.9097419, -95.0120525)
2025-02-27 23:19:18,702 - INFO - Time period - Today: 2025-02-26, PrevWeek: 2025-02-12, PrevMonth: 2025-01-12
2025-02-27 23:19:18,702 - INFO - Defined city area from bounding box.
2025-02-27 23:19:18,704 - INFO - Fetched and normalized NDVI dataset.
2025-02-27 23:19:18,705 - INFO - Fetched LST dataset.
2025-02-27 23:19:18,706 - INFO - Fetched Burned Area dataset.
2025-02-27 23:19:18,706 - INFO - Computing mean values for NDVI, LST, and Burned Area...
2025-02-27 23:19:23,264 - INFO - Computed means - NDVI: 0.39124654663405, LST: 14311.331325119456, Burned Area: 4.707043872836601
2025-02-27 23:19:23,265 - INFO - Predicting wildfire risk...
2025-02-27 23:19:23,373 - INFO - Prediction: no_fire, Probability: 0.775
2025-02-27 23:19:23,373 - INFO - Result for Houston, US: Prediction = no_fire, Confidence = 0.775
2025-02-27 23:19:23,373 - INFO - Processing location: Phoenix, US
2025-02-27 23:19:23,374 - INFO - Fetching satellite data for Phoenix, US...
2025-02-27 23:19:23,374 - INFO - Fetching bounds for Phoenix, US
2025-02-27 23:19:23,624 - INFO - Bounds obtained: (33.2903739, 33.9183794, -112.3240289, -111.9255304)
2025-02-27 23:19:23,625 - INFO - Time period - Today: 2025-02-26, PrevWeek: 2025-02-12, PrevMonth: 2025-01-12
2025-02-27 23:19:23,626 - INFO - Defined city area from bounding box.
2025-02-27 23:19:23,628 - INFO - Fetched and normalized NDVI dataset.
2025-02-27 23:19:23,630 - INFO - Fetched LST dataset.
2025-02-27 23:19:23,632 - INFO - Fetched Burned Area dataset.
2025-02-27 23:19:23,632 - INFO - Computing mean values for NDVI, LST, and Burned Area...
2025-02-27 23:19:26,230 - INFO - Computed means - NDVI: 0.16934841388039687, LST: 14899.3744536349, Burned Area: 4.600482022216056
2025-02-27 23:19:26,230 - INFO - Predicting wildfire risk...
2025-02-27 23:19:26,364 - INFO - Prediction: no_fire, Probability: 0.585
2025-02-27 23:19:26,364 - INFO - Result for Phoenix, US: Prediction = no_fire, Confidence = 0.585
2025-02-27 23:19:26,364 - INFO - Processing location: Philadelphia, US
2025-02-27 23:19:26,365 - INFO - Fetching satellite data for Philadelphia, US...
2025-02-27 23:19:26,365 - INFO - Fetching bounds for Philadelphia, US
2025-02-27 23:19:26,810 - INFO - Bounds obtained: (39.867005, 40.1379593, -75.2802977, -74.9558314)
2025-02-27 23:19:26,811 - INFO - Time period - Today: 2025-02-26, PrevWeek: 2025-02-12, PrevMonth: 2025-01-12
2025-02-27 23:19:26,811 - INFO - Defined city area from bounding box.
2025-02-27 23:19:26,812 - INFO - Fetched and normalized NDVI dataset.
2025-02-27 23:19:26,813 - INFO - Fetched LST dataset.
2025-02-27 23:19:26,814 - INFO - Fetched Burned Area dataset.
2025-02-27 23:19:26,815 - INFO - Computing mean values for NDVI, LST, and Burned Area...
2025-02-27 23:19:31,365 - INFO - Computed means - NDVI: 0.23216984343851657, LST: 13893.686055484479, Burned Area: 4.256284202243016
2025-02-27 23:19:31,366 - INFO - Predicting wildfire risk...
2025-02-27 23:19:31,561 - INFO - Prediction: no_fire, Probability: 0.985
2025-02-27 23:19:31,562 - INFO - Result for Philadelphia, US: Prediction = no_fire, Confidence = 0.985
2025-02-27 23:19:31,563 - INFO - Processing location: San Antonio, US
2025-02-27 23:19:31,564 - INFO - Fetching satellite data for San Antonio, US...
2025-02-27 23:19:31,564 - INFO - Fetching bounds for San Antonio, US
2025-02-27 23:19:31,829 - INFO - Bounds obtained: (29.1862572, 29.7309623, -98.8131865, -98.2230029)
2025-02-27 23:19:31,830 - INFO - Time period - Today: 2025-02-26, PrevWeek: 2025-02-12, PrevMonth: 2025-01-12
2025-02-27 23:19:31,831 - INFO - Defined city area from bounding box.
2025-02-27 23:19:31,834 - INFO - Fetched and normalized NDVI dataset.
2025-02-27 23:19:31,836 - INFO - Fetched LST dataset.
2025-02-27 23:19:31,839 - INFO - Fetched Burned Area dataset.
2025-02-27 23:19:31,840 - INFO - Computing mean values for NDVI, LST, and Burned Area...
2025-02-27 23:19:34,534 - INFO - Computed means - NDVI: 0.35681875772818145, LST: 14481.312520931242, Burned Area: 4.732536550528125
2025-02-27 23:19:34,535 - INFO - Predicting wildfire risk...
2025-02-27 23:19:34,652 - INFO - Prediction: no_fire, Probability: 0.75
2025-02-27 23:19:34,652 - INFO - Result for San Antonio, US: Prediction = no_fire, Confidence = 0.75
2025-02-27 23:19:34,652 - INFO - Processing location: San Diego, US
2025-02-27 23:19:34,653 - INFO - Fetching satellite data for San Diego, US...
2025-02-27 23:19:34,653 - INFO - Fetching bounds for San Diego, US
2025-02-27 23:19:34,872 - INFO - Bounds obtained: (32.5347979, 33.114194, -117.3098161, -116.9057417)
2025-02-27 23:19:34,873 - INFO - Time period - Today: 2025-02-26, PrevWeek: 2025-02-12, PrevMonth: 2025-01-12
2025-02-27 23:19:34,874 - INFO - Defined city area from bounding box.
2025-02-27 23:19:34,876 - INFO - Fetched and normalized NDVI dataset.
2025-02-27 23:19:34,877 - INFO - Fetched LST dataset.
2025-02-27 23:19:34,879 - INFO - Fetched Burned Area dataset.
2025-02-27 23:19:34,879 - INFO - Computing mean values for NDVI, LST, and Burned Area...
2025-02-27 23:19:39,342 - INFO - Computed means - NDVI: 0.3091370738519192, LST: 14664.665761676853, Burned Area: 4.470771450249403
2025-02-27 23:19:39,343 - INFO - Predicting wildfire risk...
2025-02-27 23:19:39,543 - INFO - Prediction: no_fire, Probability: 0.74
2025-02-27 23:19:39,544 - INFO - Result for San Diego, US: Prediction = no_fire, Confidence = 0.74
2025-02-27 23:19:39,545 - INFO - Processing location: Dallas, US
2025-02-27 23:19:39,546 - INFO - Fetching satellite data for Dallas, US...
2025-02-27 23:19:39,546 - INFO - Fetching bounds for Dallas, US
2025-02-27 23:19:40,447 - INFO - Bounds obtained: (32.613216, 33.0239366, -97.000482, -96.4636317)
2025-02-27 23:19:40,448 - INFO - Time period - Today: 2025-02-26, PrevWeek: 2025-02-12, PrevMonth: 2025-01-12
2025-02-27 23:19:40,449 - INFO - Defined city area from bounding box.
2025-02-27 23:19:40,454 - INFO - Fetched and normalized NDVI dataset.
2025-02-27 23:19:40,458 - INFO - Fetched LST dataset.
2025-02-27 23:19:40,461 - INFO - Fetched Burned Area dataset.
2025-02-27 23:19:40,462 - INFO - Computing mean values for NDVI, LST, and Burned Area...
2025-02-27 23:19:42,987 - INFO - Computed means - NDVI: 0.30580121835659096, LST: 14168.51590473024, Burned Area: 4.612827658947698
2025-02-27 23:19:42,988 - INFO - Predicting wildfire risk...
2025-02-27 23:19:43,114 - INFO - Prediction: no_fire, Probability: 0.995
2025-02-27 23:19:43,114 - INFO - Result for Dallas, US: Prediction = no_fire, Confidence = 0.995
2025-02-27 23:19:43,115 - INFO - Processing location: San Jose, US
2025-02-27 23:19:43,115 - INFO - Fetching satellite data for San Jose, US...
2025-02-27 23:19:43,115 - INFO - Fetching bounds for San Jose, US
2025-02-27 23:19:43,384 - INFO - Bounds obtained: (37.1231596, 37.4691477, -122.0460405, -121.5858438)
2025-02-27 23:19:43,385 - INFO - Time period - Today: 2025-02-26, PrevWeek: 2025-02-12, PrevMonth: 2025-01-12
2025-02-27 23:19:43,385 - INFO - Defined city area from bounding box.
2025-02-27 23:19:43,387 - INFO - Fetched and normalized NDVI dataset.
2025-02-27 23:19:43,389 - INFO - Fetched LST dataset.
2025-02-27 23:19:43,391 - INFO - Fetched Burned Area dataset.
2025-02-27 23:19:43,392 - INFO - Computing mean values for NDVI, LST, and Burned Area...
2025-02-27 23:20:41,041 - INFO - Computed means - NDVI: 0.49958977050565917, LST: 14411.46218664451, Burned Area: 4.63112016968253
2025-02-27 23:20:41,041 - INFO - Predicting wildfire risk...
2025-02-27 23:20:41,210 - INFO - Prediction: no_fire, Probability: 0.805
2025-02-27 23:20:41,211 - INFO - Result for San Jose, US: Prediction = no_fire, Confidence = 0.805
2025-02-27 23:20:41,211 - INFO - Processing location: Austin, US
2025-02-27 23:20:41,212 - INFO - Fetching satellite data for Austin, US...
2025-02-27 23:20:41,212 - INFO - Fetching bounds for Austin, US
2025-02-27 23:20:41,799 - INFO - Bounds obtained: (30.0985133, 30.5166255, -97.9367663, -97.5605288)
2025-02-27 23:20:41,800 - INFO - Time period - Today: 2025-02-26, PrevWeek: 2025-02-12, PrevMonth: 2025-01-12
2025-02-27 23:20:41,801 - INFO - Defined city area from bounding box.
2025-02-27 23:20:41,802 - INFO - Fetched and normalized NDVI dataset.
2025-02-27 23:20:41,804 - INFO - Fetched LST dataset.
2025-02-27 23:20:41,805 - INFO - Fetched Burned Area dataset.
2025-02-27 23:20:41,806 - INFO - Computing mean values for NDVI, LST, and Burned Area...
2025-02-27 23:20:46,426 - INFO - Computed means - NDVI: 0.39995393631375936, LST: 14351.333874146732, Burned Area: 4.761981514063244
2025-02-27 23:20:46,427 - INFO - Predicting wildfire risk...
2025-02-27 23:20:46,591 - INFO - Prediction: no_fire, Probability: 0.72
2025-02-27 23:20:46,591 - INFO - Result for Austin, US: Prediction = no_fire, Confidence = 0.72
2025-02-27 23:20:46,592 - INFO - Processing location: Jacksonville, US
2025-02-27 23:20:46,592 - INFO - Fetching satellite data for Jacksonville, US...
2025-02-27 23:20:46,593 - INFO - Fetching bounds for Jacksonville, US
2025-02-27 23:20:46,908 - INFO - Bounds obtained: (30.103748, 30.5862095, -82.0493895, -81.316712)
2025-02-27 23:20:46,908 - INFO - Time period - Today: 2025-02-26, PrevWeek: 2025-02-12, PrevMonth: 2025-01-12
2025-02-27 23:20:46,909 - INFO - Defined city area from bounding box.
2025-02-27 23:20:46,910 - INFO - Fetched and normalized NDVI dataset.
2025-02-27 23:20:46,911 - INFO - Fetched LST dataset.
2025-02-27 23:20:46,912 - INFO - Fetched Burned Area dataset.
2025-02-27 23:20:46,912 - INFO - Computing mean values for NDVI, LST, and Burned Area...
2025-02-27 23:20:49,899 - INFO - Computed means - NDVI: 0.5413136910585513, LST: 14488.047502755784, Burned Area: 4.543664979451035
2025-02-27 23:20:49,900 - INFO - Predicting wildfire risk...
2025-02-27 23:20:50,067 - INFO - Prediction: no_fire, Probability: 0.92
2025-02-27 23:20:50,068 - INFO - Result for Jacksonville, US: Prediction = no_fire, Confidence = 0.92
2025-02-27 23:20:50,069 - INFO - Processing location: Fort Worth, US
2025-02-27 23:20:50,069 - INFO - Fetching satellite data for Fort Worth, US...
2025-02-27 23:20:50,070 - INFO - Fetching bounds for Fort Worth, US
2025-02-27 23:20:50,380 - INFO - Bounds obtained: (32.551584, 33.049529, -97.592388, -97.0335808)
2025-02-27 23:20:50,381 - INFO - Time period - Today: 2025-02-26, PrevWeek: 2025-02-12, PrevMonth: 2025-01-12
2025-02-27 23:20:50,381 - INFO - Defined city area from bounding box.
2025-02-27 23:20:50,384 - INFO - Fetched and normalized NDVI dataset.
2025-02-27 23:20:50,385 - INFO - Fetched LST dataset.
2025-02-27 23:20:50,387 - INFO - Fetched Burned Area dataset.
2025-02-27 23:20:50,387 - INFO - Computing mean values for NDVI, LST, and Burned Area...
2025-02-27 23:20:52,824 - INFO - Computed means - NDVI: 0.3143145474633584, LST: 14276.234183206989, Burned Area: 4.665322539324711
2025-02-27 23:20:52,825 - INFO - Predicting wildfire risk...
2025-02-27 23:20:53,014 - INFO - Prediction: no_fire, Probability: 0.915
2025-02-27 23:20:53,014 - INFO - Result for Fort Worth, US: Prediction = no_fire, Confidence = 0.915
2025-02-27 23:20:53,015 - INFO - Processing location: Columbus, US
2025-02-27 23:20:53,015 - INFO - Fetching satellite data for Columbus, US...
2025-02-27 23:20:53,016 - INFO - Fetching bounds for Columbus, US
2025-02-27 23:20:53,234 - INFO - Bounds obtained: (39.8086936, 40.1573082, -83.2101797, -82.7713119)
2025-02-27 23:20:53,234 - INFO - Time period - Today: 2025-02-26, PrevWeek: 2025-02-12, PrevMonth: 2025-01-12
2025-02-27 23:20:53,235 - INFO - Defined city area from bounding box.
2025-02-27 23:20:53,238 - INFO - Fetched and normalized NDVI dataset.
2025-02-27 23:20:53,239 - INFO - Fetched LST dataset.
2025-02-27 23:20:53,241 - INFO - Fetched Burned Area dataset.
2025-02-27 23:20:53,242 - INFO - Computing mean values for NDVI, LST, and Burned Area...
2025-02-27 23:20:57,777 - INFO - Computed means - NDVI: 0.17311021932129453, LST: 13427.929965370906, Burned Area: 4.255303979754356
2025-02-27 23:20:57,778 - INFO - Predicting wildfire risk...
2025-02-27 23:20:57,996 - INFO - Prediction: no_fire, Probability: 0.985
2025-02-27 23:20:58,005 - INFO - Result for Columbus, US: Prediction = no_fire, Confidence = 0.985
2025-02-27 23:20:58,006 - INFO - Processing location: Charlotte, US
2025-02-27 23:20:58,007 - INFO - Fetching satellite data for Charlotte, US...
2025-02-27 23:20:58,008 - INFO - Fetching bounds for Charlotte, US
2025-02-27 23:20:58,575 - INFO - Bounds obtained: (35.0105195, 35.4002508, -81.0096282, -80.6348755)
2025-02-27 23:20:58,575 - INFO - Time period - Today: 2025-02-26, PrevWeek: 2025-02-12, PrevMonth: 2025-01-12
2025-02-27 23:20:58,576 - INFO - Defined city area from bounding box.
2025-02-27 23:20:58,577 - INFO - Fetched and normalized NDVI dataset.
2025-02-27 23:20:58,578 - INFO - Fetched LST dataset.
2025-02-27 23:20:58,578 - INFO - Fetched Burned Area dataset.
2025-02-27 23:20:58,579 - INFO - Computing mean values for NDVI, LST, and Burned Area...
2025-02-27 23:21:01,370 - INFO - Computed means - NDVI: 0.4152620714293872, LST: 14130.979729267885, Burned Area: 4.386454147285212
2025-02-27 23:21:01,372 - INFO - Predicting wildfire risk...
2025-02-27 23:21:01,641 - INFO - Prediction: no_fire, Probability: 0.995
2025-02-27 23:21:01,642 - INFO - Result for Charlotte, US: Prediction = no_fire, Confidence = 0.995
2025-02-27 23:21:01,643 - INFO - Processing location: San Francisco, US
2025-02-27 23:21:01,644 - INFO - Fetching satellite data for San Francisco, US...
2025-02-27 23:21:01,645 - INFO - Fetching bounds for San Francisco, US
2025-02-27 23:21:01,907 - INFO - Bounds obtained: (37.6403143, 37.929811, -123.173825, -122.281479)
2025-02-27 23:21:01,908 - INFO - Time period - Today: 2025-02-26, PrevWeek: 2025-02-12, PrevMonth: 2025-01-12
2025-02-27 23:21:01,909 - INFO - Defined city area from bounding box.
2025-02-27 23:21:01,912 - INFO - Fetched and normalized NDVI dataset.
2025-02-27 23:21:01,915 - INFO - Fetched LST dataset.
2025-02-27 23:21:01,918 - INFO - Fetched Burned Area dataset.
2025-02-27 23:21:01,919 - INFO - Computing mean values for NDVI, LST, and Burned Area...
2025-02-27 23:21:05,452 - INFO - Computed means - NDVI: 0.4247240564636009, LST: 14282.081383779314, Burned Area: 3.598315863101269
2025-02-27 23:21:05,452 - INFO - Predicting wildfire risk...
2025-02-27 23:21:05,620 - INFO - Prediction: no_fire, Probability: 0.89
2025-02-27 23:21:05,620 - INFO - Result for San Francisco, US: Prediction = no_fire, Confidence = 0.89
2025-02-27 23:21:05,620 - INFO - Processing location: Indianapolis, US
2025-02-27 23:21:05,620 - INFO - Fetching satellite data for Indianapolis, US...
2025-02-27 23:21:05,621 - INFO - Fetching bounds for Indianapolis, US
2025-02-27 23:21:06,108 - INFO - Bounds obtained: (39.6321626, 39.9275253, -86.3281207, -85.9380401)
2025-02-27 23:21:06,109 - INFO - Time period - Today: 2025-02-26, PrevWeek: 2025-02-12, PrevMonth: 2025-01-12
2025-02-27 23:21:06,110 - INFO - Defined city area from bounding box.
2025-02-27 23:21:06,111 - INFO - Fetched and normalized NDVI dataset.
2025-02-27 23:21:06,112 - INFO - Fetched LST dataset.
2025-02-27 23:21:06,113 - INFO - Fetched Burned Area dataset.
2025-02-27 23:21:06,113 - INFO - Computing mean values for NDVI, LST, and Burned Area...
2025-02-27 23:21:09,517 - INFO - Computed means - NDVI: 0.19638822304209666, LST: 13360.544135409053, Burned Area: 4.1911741543916
2025-02-27 23:21:09,518 - INFO - Predicting wildfire risk...
2025-02-27 23:21:09,717 - INFO - Prediction: no_fire, Probability: 0.995
2025-02-27 23:21:09,718 - INFO - Result for Indianapolis, US: Prediction = no_fire, Confidence = 0.995
2025-02-27 23:21:09,718 - INFO - Processing location: Seattle, US
2025-02-27 23:21:09,719 - INFO - Fetching satellite data for Seattle, US...
2025-02-27 23:21:09,720 - INFO - Fetching bounds for Seattle, US
2025-02-27 23:21:10,137 - INFO - Bounds obtained: (47.4810022, 47.7341503, -122.459696, -122.224433)
2025-02-27 23:21:10,138 - INFO - Time period - Today: 2025-02-26, PrevWeek: 2025-02-12, PrevMonth: 2025-01-12
2025-02-27 23:21:10,138 - INFO - Defined city area from bounding box.
2025-02-27 23:21:10,140 - INFO - Fetched and normalized NDVI dataset.
2025-02-27 23:21:10,141 - INFO - Fetched LST dataset.
2025-02-27 23:21:10,142 - INFO - Fetched Burned Area dataset.
2025-02-27 23:21:10,142 - INFO - Computing mean values for NDVI, LST, and Burned Area...
2025-02-27 23:21:13,582 - INFO - Computed means - NDVI: 0.42700163528980567, LST: 13818.285908474803, Burned Area: 3.9352383375472586
2025-02-27 23:21:13,585 - INFO - Predicting wildfire risk...
2025-02-27 23:21:13,980 - INFO - Prediction: no_fire, Probability: 0.99
2025-02-27 23:21:13,982 - INFO - Result for Seattle, US: Prediction = no_fire, Confidence = 0.99
2025-02-27 23:21:13,983 - INFO - Processing location: Denver, US
2025-02-27 23:21:13,983 - INFO - Fetching satellite data for Denver, US...
2025-02-27 23:21:13,984 - INFO - Fetching bounds for Denver, US
2025-02-27 23:21:14,500 - INFO - Bounds obtained: (39.6143008, 39.9142087, -105.1098845, -104.5996997)
2025-02-27 23:21:14,501 - INFO - Time period - Today: 2025-02-26, PrevWeek: 2025-02-12, PrevMonth: 2025-01-12
2025-02-27 23:21:14,503 - INFO - Defined city area from bounding box.
2025-02-27 23:21:14,521 - INFO - Fetched and normalized NDVI dataset.
2025-02-27 23:21:14,526 - INFO - Fetched LST dataset.
2025-02-27 23:21:14,530 - INFO - Fetched Burned Area dataset.
2025-02-27 23:21:14,531 - INFO - Computing mean values for NDVI, LST, and Burned Area...
2025-02-27 23:21:18,015 - INFO - Computed means - NDVI: 0.14905126121387688, LST: 13919.003895420114, Burned Area: 4.164893650035065
2025-02-27 23:21:18,016 - INFO - Predicting wildfire risk...
2025-02-27 23:21:18,334 - INFO - Prediction: no_fire, Probability: 0.995
2025-02-27 23:21:18,334 - INFO - Result for Denver, US: Prediction = no_fire, Confidence = 0.995
2025-02-27 23:21:18,335 - INFO - Processing location: Washington, US
2025-02-27 23:21:18,335 - INFO - Fetching satellite data for Washington, US...
2025-02-27 23:21:18,336 - INFO - Fetching bounds for Washington, US
2025-02-27 23:21:18,594 - INFO - Bounds obtained: (38.7916303, 38.995968, -77.1197949, -76.909366)
2025-02-27 23:21:18,595 - INFO - Time period - Today: 2025-02-26, PrevWeek: 2025-02-12, PrevMonth: 2025-01-12
2025-02-27 23:21:18,595 - INFO - Defined city area from bounding box.
2025-02-27 23:21:18,596 - INFO - Fetched and normalized NDVI dataset.
2025-02-27 23:21:18,598 - INFO - Fetched LST dataset.
2025-02-27 23:21:18,599 - INFO - Fetched Burned Area dataset.
2025-02-27 23:21:18,600 - INFO - Computing mean values for NDVI, LST, and Burned Area...
2025-02-27 23:21:20,874 - INFO - Computed means - NDVI: 0.27230647157592797, LST: 13941.833565651692, Burned Area: 4.292522814247854
2025-02-27 23:21:20,874 - INFO - Predicting wildfire risk...
2025-02-27 23:21:21,037 - INFO - Prediction: no_fire, Probability: 1.0
2025-02-27 23:21:21,038 - INFO - Result for Washington, US: Prediction = no_fire, Confidence = 1.0
2025-02-27 23:21:21,038 - INFO - Processing location: Boston, US
2025-02-27 23:21:21,039 - INFO - Fetching satellite data for Boston, US...
2025-02-27 23:21:21,039 - INFO - Fetching bounds for Boston, US
2025-02-27 23:21:21,253 - INFO - Bounds obtained: (42.2279112, 42.3969775, -71.1912442, -70.8044881)
2025-02-27 23:21:21,254 - INFO - Time period - Today: 2025-02-26, PrevWeek: 2025-02-12, PrevMonth: 2025-01-12
2025-02-27 23:21:21,255 - INFO - Defined city area from bounding box.
2025-02-27 23:21:21,257 - INFO - Fetched and normalized NDVI dataset.
2025-02-27 23:21:21,258 - INFO - Fetched LST dataset.
2025-02-27 23:21:21,259 - INFO - Fetched Burned Area dataset.
2025-02-27 23:21:21,260 - INFO - Computing mean values for NDVI, LST, and Burned Area...
2025-02-27 23:21:23,645 - INFO - Computed means - NDVI: 0.25194310516728186, LST: 13594.304640470938, Burned Area: 3.994912083439888
2025-02-27 23:21:23,646 - INFO - Predicting wildfire risk...
2025-02-27 23:21:24,228 - INFO - Prediction: no_fire, Probability: 1.0
2025-02-27 23:21:24,230 - INFO - Result for Boston, US: Prediction = no_fire, Confidence = 1.0
2025-02-27 23:21:24,231 - INFO - Processing location: El Paso, US
2025-02-27 23:21:24,235 - INFO - Fetching satellite data for El Paso, US...
2025-02-27 23:21:24,236 - INFO - Fetching bounds for El Paso, US
2025-02-27 23:21:24,466 - INFO - Bounds obtained: (31.6222161, 32.001484, -106.6357782, -106.1991528)
2025-02-27 23:21:24,467 - INFO - Time period - Today: 2025-02-26, PrevWeek: 2025-02-12, PrevMonth: 2025-01-12
2025-02-27 23:21:24,468 - INFO - Defined city area from bounding box.
2025-02-27 23:21:24,472 - INFO - Fetched and normalized NDVI dataset.
2025-02-27 23:21:24,477 - INFO - Fetched LST dataset.
2025-02-27 23:21:24,479 - INFO - Fetched Burned Area dataset.
2025-02-27 23:21:24,480 - INFO - Computing mean values for NDVI, LST, and Burned Area...
2025-02-27 23:21:28,107 - INFO - Computed means - NDVI: 0.1188714903580041, LST: 14620.359461131238, Burned Area: 4.731972781320425
2025-02-27 23:21:28,108 - INFO - Predicting wildfire risk...
2025-02-27 23:21:28,321 - INFO - Prediction: no_fire, Probability: 0.76
2025-02-27 23:21:28,322 - INFO - Result for El Paso, US: Prediction = no_fire, Confidence = 0.76
2025-02-27 23:21:28,322 - INFO - Processing location: Nashville, US
2025-02-27 23:21:28,323 - INFO - Fetching satellite data for Nashville, US...
2025-02-27 23:21:28,323 - INFO - Fetching bounds for Nashville, US
2025-02-27 23:21:28,648 - INFO - Bounds obtained: (35.967785, 36.405496, -87.054766, -86.515588)
2025-02-27 23:21:28,649 - INFO - Time period - Today: 2025-02-26, PrevWeek: 2025-02-12, PrevMonth: 2025-01-12
2025-02-27 23:21:28,649 - INFO - Defined city area from bounding box.
2025-02-27 23:21:28,653 - INFO - Fetched and normalized NDVI dataset.
2025-02-27 23:21:28,654 - INFO - Fetched LST dataset.
2025-02-27 23:21:28,655 - INFO - Fetched Burned Area dataset.
2025-02-27 23:21:28,655 - INFO - Computing mean values for NDVI, LST, and Burned Area...
2025-02-27 23:21:31,156 - INFO - Computed means - NDVI: 0.40753042867184186, LST: 13854.426397137335, Burned Area: 4.299147481424673
2025-02-27 23:21:31,156 - INFO - Predicting wildfire risk...
2025-02-27 23:21:31,280 - INFO - Prediction: no_fire, Probability: 0.985
2025-02-27 23:21:31,280 - INFO - Result for Nashville, US: Prediction = no_fire, Confidence = 0.985
2025-02-27 23:21:31,281 - INFO - Processing location: Detroit, US
2025-02-27 23:21:31,282 - INFO - Fetching satellite data for Detroit, US...
2025-02-27 23:21:31,282 - INFO - Fetching bounds for Detroit, US
2025-02-27 23:21:31,775 - INFO - Bounds obtained: (42.255192, 42.4503959, -83.287959, -82.9104391)
2025-02-27 23:21:31,775 - INFO - Time period - Today: 2025-02-26, PrevWeek: 2025-02-12, PrevMonth: 2025-01-12
2025-02-27 23:21:31,776 - INFO - Defined city area from bounding box.
2025-02-27 23:21:31,777 - INFO - Fetched and normalized NDVI dataset.
2025-02-27 23:21:31,778 - INFO - Fetched LST dataset.
2025-02-27 23:21:31,779 - INFO - Fetched Burned Area dataset.
2025-02-27 23:21:31,779 - INFO - Computing mean values for NDVI, LST, and Burned Area...
2025-02-27 23:21:36,013 - INFO - Computed means - NDVI: 0.0974409285212056, LST: 13195.047326376953, Burned Area: 4.019781228332129
2025-02-27 23:21:36,014 - INFO - Predicting wildfire risk...
2025-02-27 23:21:36,180 - INFO - Prediction: no_fire, Probability: 1.0
2025-02-27 23:21:36,181 - INFO - Result for Detroit, US: Prediction = no_fire, Confidence = 1.0
2025-02-27 23:21:36,181 - INFO - Processing location: Oklahoma City, US
2025-02-27 23:21:36,181 - INFO - Fetching satellite data for Oklahoma City, US...
2025-02-27 23:21:36,182 - INFO - Fetching bounds for Oklahoma City, US
2025-02-27 23:21:36,447 - INFO - Bounds obtained: (35.290695, 35.6748662, -97.830948, -97.124718)
2025-02-27 23:21:36,448 - INFO - Time period - Today: 2025-02-26, PrevWeek: 2025-02-12, PrevMonth: 2025-01-12
2025-02-27 23:21:36,448 - INFO - Defined city area from bounding box.
2025-02-27 23:21:36,450 - INFO - Fetched and normalized NDVI dataset.
2025-02-27 23:21:36,451 - INFO - Fetched LST dataset.
2025-02-27 23:21:36,451 - INFO - Fetched Burned Area dataset.
2025-02-27 23:21:36,452 - INFO - Computing mean values for NDVI, LST, and Burned Area...
2025-02-27 23:21:40,058 - INFO - Computed means - NDVI: 0.29859367130367137, LST: 14169.649268001333, Burned Area: 4.75745671867054
2025-02-27 23:21:40,059 - INFO - Predicting wildfire risk...
2025-02-27 23:21:40,174 - INFO - Prediction: no_fire, Probability: 0.995
2025-02-27 23:21:40,175 - INFO - Result for Oklahoma City, US: Prediction = no_fire, Confidence = 0.995
2025-02-27 23:21:40,175 - INFO - Processing location: Portland, US
2025-02-27 23:21:40,176 - INFO - Fetching satellite data for Portland, US...
2025-02-27 23:21:40,176 - INFO - Fetching bounds for Portland, US
2025-02-27 23:21:40,884 - INFO - Bounds obtained: (45.432536, 45.6528812, -122.8367489, -122.4720252)
2025-02-27 23:21:40,885 - INFO - Time period - Today: 2025-02-26, PrevWeek: 2025-02-12, PrevMonth: 2025-01-12
2025-02-27 23:21:40,886 - INFO - Defined city area from bounding box.
2025-02-27 23:21:40,888 - INFO - Fetched and normalized NDVI dataset.
2025-02-27 23:21:40,889 - INFO - Fetched LST dataset.
2025-02-27 23:21:40,890 - INFO - Fetched Burned Area dataset.
2025-02-27 23:21:40,890 - INFO - Computing mean values for NDVI, LST, and Burned Area...
2025-02-27 23:21:42,280 - INFO - Computed means - NDVI: 0.4388982362498887, LST: 13756.371398775367, Burned Area: 4.320252547355922
2025-02-27 23:21:42,280 - INFO - Predicting wildfire risk...
2025-02-27 23:21:42,650 - INFO - Prediction: no_fire, Probability: 0.98
2025-02-27 23:21:42,651 - INFO - Result for Portland, US: Prediction = no_fire, Confidence = 0.98
2025-02-27 23:21:42,652 - INFO - Processing location: Las Vegas, US
2025-02-27 23:21:42,653 - INFO - Fetching satellite data for Las Vegas, US...
2025-02-27 23:21:42,653 - INFO - Fetching bounds for Las Vegas, US
2025-02-27 23:21:43,159 - INFO - Bounds obtained: (36.129554, 36.3808406, -115.4242845, -115.062066)
2025-02-27 23:21:43,160 - INFO - Time period - Today: 2025-02-26, PrevWeek: 2025-02-12, PrevMonth: 2025-01-12
2025-02-27 23:21:43,161 - INFO - Defined city area from bounding box.
2025-02-27 23:21:43,163 - INFO - Fetched and normalized NDVI dataset.
2025-02-27 23:21:43,165 - INFO - Fetched LST dataset.
2025-02-27 23:21:43,166 - INFO - Fetched Burned Area dataset.
2025-02-27 23:21:43,167 - INFO - Computing mean values for NDVI, LST, and Burned Area...
2025-02-27 23:21:44,539 - INFO - Computed means - NDVI: 0.13462620830187916, LST: 14550.656323531883, Burned Area: 4.980623642317535
2025-02-27 23:21:44,539 - INFO - Predicting wildfire risk...
2025-02-27 23:21:44,662 - INFO - Prediction: no_fire, Probability: 0.6
2025-02-27 23:21:44,662 - INFO - Result for Las Vegas, US: Prediction = no_fire, Confidence = 0.6
2025-02-27 23:21:44,663 - INFO - Processing location: Memphis, US
2025-02-27 23:21:44,663 - INFO - Fetching satellite data for Memphis, US...
2025-02-27 23:21:44,664 - INFO - Fetching bounds for Memphis, US
2025-02-27 23:21:44,975 - INFO - Bounds obtained: (34.9941528, 35.263879, -90.308366, -89.637089)
2025-02-27 23:21:44,975 - INFO - Time period - Today: 2025-02-26, PrevWeek: 2025-02-12, PrevMonth: 2025-01-12
2025-02-27 23:21:44,976 - INFO - Defined city area from bounding box.
2025-02-27 23:21:44,977 - INFO - Fetched and normalized NDVI dataset.
2025-02-27 23:21:44,978 - INFO - Fetched LST dataset.
2025-02-27 23:21:44,979 - INFO - Fetched Burned Area dataset.
2025-02-27 23:21:44,980 - INFO - Computing mean values for NDVI, LST, and Burned Area...
2025-02-27 23:21:48,314 - INFO - Computed means - NDVI: 0.32527966457158736, LST: 13949.9714309, Burned Area: 4.412530580705365
2025-02-27 23:21:48,315 - INFO - Predicting wildfire risk...
2025-02-27 23:21:48,505 - INFO - Prediction: no_fire, Probability: 0.985
2025-02-27 23:21:48,506 - INFO - Result for Memphis, US: Prediction = no_fire, Confidence = 0.985
2025-02-27 23:21:48,506 - INFO - Processing location: Louisville, US
2025-02-27 23:21:48,507 - INFO - Fetching satellite data for Louisville, US...
2025-02-27 23:21:48,507 - INFO - Fetching bounds for Louisville, US
2025-02-27 23:21:48,862 - INFO - Bounds obtained: (37.9971, 38.3801391, -85.9470644, -85.4051)
2025-02-27 23:21:48,863 - INFO - Time period - Today: 2025-02-26, PrevWeek: 2025-02-12, PrevMonth: 2025-01-12
2025-02-27 23:21:48,865 - INFO - Defined city area from bounding box.
2025-02-27 23:21:48,869 - INFO - Fetched and normalized NDVI dataset.
2025-02-27 23:21:48,872 - INFO - Fetched LST dataset.
2025-02-27 23:21:48,875 - INFO - Fetched Burned Area dataset.
2025-02-27 23:21:48,876 - INFO - Computing mean values for NDVI, LST, and Burned Area...
2025-02-27 23:21:50,316 - INFO - Computed means - NDVI: 0.36763893440017853, LST: 13721.55514352721, Burned Area: 4.221303495516569
2025-02-27 23:21:50,317 - INFO - Predicting wildfire risk...
2025-02-27 23:21:50,478 - INFO - Prediction: no_fire, Probability: 0.975
2025-02-27 23:21:50,479 - INFO - Result for Louisville, US: Prediction = no_fire, Confidence = 0.975
2025-02-27 23:21:50,480 - INFO - Processing location: Baltimore, US
2025-02-27 23:21:50,480 - INFO - Fetching satellite data for Baltimore, US...
2025-02-27 23:21:50,481 - INFO - Fetching bounds for Baltimore, US
2025-02-27 23:21:51,359 - INFO - Bounds obtained: (39.1972328, 39.3719992, -76.7112977, -76.5296757)
2025-02-27 23:21:51,360 - INFO - Time period - Today: 2025-02-26, PrevWeek: 2025-02-12, PrevMonth: 2025-01-12
2025-02-27 23:21:51,361 - INFO - Defined city area from bounding box.
2025-02-27 23:21:51,367 - INFO - Fetched and normalized NDVI dataset.
2025-02-27 23:21:51,369 - INFO - Fetched LST dataset.
2025-02-27 23:21:51,371 - INFO - Fetched Burned Area dataset.
2025-02-27 23:21:51,372 - INFO - Computing mean values for NDVI, LST, and Burned Area...
2025-02-27 23:21:53,804 - INFO - Computed means - NDVI: 0.2461317341036994, LST: 13929.59331336352, Burned Area: 4.239760582721344
2025-02-27 23:21:53,805 - INFO - Predicting wildfire risk...
2025-02-27 23:21:54,054 - INFO - Prediction: no_fire, Probability: 0.965
2025-02-27 23:21:54,054 - INFO - Result for Baltimore, US: Prediction = no_fire, Confidence = 0.965
2025-02-27 23:21:54,055 - INFO - Fire prediction process completed.
